;  LST file generated by mikroListExporter - v.2.0 
; Date/Time: 08/04/2022 00:29:28
;----------------------------------------------

;Address Opcode 	ASM
0x0000	0xF005EF05  	GOTO        2570
0x0004	0x0000      	NOP
0x0006	0x0000      	NOP
0x0008	0xF000EF00  	GOTO        0
0x000C	0x0000      	NOP
0x000E	0x0000      	NOP
0x0010	0x0000      	NOP
0x0012	0x0000      	NOP
0x0014	0x0000      	NOP
0x0016	0x0000      	NOP
0x0018	0xD7F3      	BRA         0
_FIXSIGN32:
;__Lib_MathDouble.c,117 :: 		
;__Lib_MathDouble.c,121 :: 		
0x001C	0xAE0A      	BTFSS       R10, 7, 0
;__Lib_MathDouble.c,122 :: 		
0x001E	0x9E02      	BCF         R2, 7, 0
;__Lib_MathDouble.c,123 :: 		
0x0020	0x0E00      	MOVLW       0
;__Lib_MathDouble.c,125 :: 		
L_end_FIXSIGN32:
0x0022	0x0012      	RETURN      0
; end of _FIXSIGN32
_SETFUN32:
;__Lib_MathDouble.c,144 :: 		
;__Lib_MathDouble.c,152 :: 		
0x0024	0x840B      	BSF         R11, 2, 0
;__Lib_MathDouble.c,153 :: 		
0x0026	0xAE0B      	BTFSS       R11, 7, 0
;__Lib_MathDouble.c,154 :: 		
0x0028	0xF000EF1D  	GOTO        SETFUN32EEE
;__Lib_MathDouble.c,156 :: 		
0x002C	0x0E01      	MOVLW       1
;__Lib_MathDouble.c,157 :: 		
0x002E	0x6E03      	MOVWF       R3, 0
;__Lib_MathDouble.c,158 :: 		
0x0030	0x6A02      	CLRF        R2, 0
;__Lib_MathDouble.c,159 :: 		
0x0032	0x6A01      	CLRF        R1, 0
;__Lib_MathDouble.c,160 :: 		
0x0034	0x6A00      	CLRF        R0, 0
;__Lib_MathDouble.c,161 :: 		
0x0036	0x360A      	RLCF        R10, 1, 0
;__Lib_MathDouble.c,162 :: 		
0x0038	0x3202      	RRCF        R2, 1, 0
;__Lib_MathDouble.c,163 :: 		
SETFUN32EEE:
;__Lib_MathDouble.c,164 :: 		
0x003A	0x0EFF      	MOVLW       255
;__Lib_MathDouble.c,166 :: 		
L_end_SETFUN32:
0x003C	0x0012      	RETURN      0
; end of _SETFUN32
_SETFOV32:
;__Lib_MathDouble.c,82 :: 		
;__Lib_MathDouble.c,90 :: 		
0x003E	0x820B      	BSF         R11, 1, 0
;__Lib_MathDouble.c,91 :: 		
0x0040	0xAE0B      	BTFSS       R11, 7, 0
;__Lib_MathDouble.c,92 :: 		
0x0042	0xF000EF29  	GOTO        SETFOV32EEE
;__Lib_MathDouble.c,94 :: 		
0x0046	0x6803      	SETF        R3, 0
;__Lib_MathDouble.c,95 :: 		
0x0048	0x6802      	SETF        R2, 0
;__Lib_MathDouble.c,96 :: 		
0x004A	0x6801      	SETF        R1, 0
;__Lib_MathDouble.c,97 :: 		
0x004C	0x6800      	SETF        R0, 0
;__Lib_MathDouble.c,98 :: 		
0x004E	0x360A      	RLCF        R10, 1, 0
;__Lib_MathDouble.c,99 :: 		
0x0050	0x3202      	RRCF        R2, 1, 0
;__Lib_MathDouble.c,100 :: 		
SETFOV32EEE:
;__Lib_MathDouble.c,101 :: 		
0x0052	0x0EFF      	MOVLW       255
;__Lib_MathDouble.c,103 :: 		
L_end_SETFOV32:
0x0054	0x0012      	RETURN      0
; end of _SETFOV32
_RES032:
;__Lib_MathDouble.c,128 :: 		
;__Lib_MathDouble.c,134 :: 		
0x0056	0x6A02      	CLRF        R2, 0
;__Lib_MathDouble.c,135 :: 		
0x0058	0x6A01      	CLRF        R1, 0
;__Lib_MathDouble.c,136 :: 		
0x005A	0x6A00      	CLRF        R0, 0
;__Lib_MathDouble.c,137 :: 		
0x005C	0x6A08      	CLRF        R8, 0
;__Lib_MathDouble.c,138 :: 		
0x005E	0x6A03      	CLRF        R3, 0
;__Lib_MathDouble.c,139 :: 		
0x0060	0x0E00      	MOVLW       0
;__Lib_MathDouble.c,141 :: 		
L_end_RES032:
0x0062	0x0012      	RETURN      0
; end of _RES032
_SETFDZ32:
;__Lib_MathDouble.c,106 :: 		
;__Lib_MathDouble.c,110 :: 		
0x0064	0x6A0B      	CLRF        R11, 0
;__Lib_MathDouble.c,111 :: 		
0x0066	0x860B      	BSF         R11, 3, 0
;__Lib_MathDouble.c,112 :: 		
0x0068	0x0EFF      	MOVLW       255
;__Lib_MathDouble.c,114 :: 		
L_end_SETFDZ32:
0x006A	0x0012      	RETURN      0
; end of _SETFDZ32
_NRM4032:
;__Lib_MathDouble.c,174 :: 		
;__Lib_MathDouble.c,183 :: 		
0x006C	0xB00C      	BTFSC       R12, 0, 0
;__Lib_MathDouble.c,184 :: 		
0x006E	0xF000EF78  	GOTO        NRMRND4032
;__Lib_MathDouble.c,185 :: 		
0x0072	0xA20C      	BTFSS       R12, 1, 0
;__Lib_MathDouble.c,186 :: 		
0x0074	0xF001EF1E  	GOTO        NRM40JPSETFOV32
;__Lib_MathDouble.c,188 :: 		
0x0078	0x6A0E      	CLRF        R14, 0
;__Lib_MathDouble.c,189 :: 		
0x007A	0x0E00      	MOVLW       0
;__Lib_MathDouble.c,190 :: 		
0x007C	0x6402      	CPFSGT      R2, 0
;__Lib_MathDouble.c,191 :: 		
0x007E	0xF000EF8F  	GOTO        NRM4032A
;__Lib_MathDouble.c,194 :: 		
0x0082	0x0EF0      	MOVLW       240
;__Lib_MathDouble.c,195 :: 		
0x0084	0x1402      	ANDWF       R2, 0, 0
;__Lib_MathDouble.c,196 :: 		
0x0086	0xA4D8      	BTFSS       STATUS, 2, 0
;__Lib_MathDouble.c,197 :: 		
0x0088	0xF000EF5A  	GOTO        NORM4032
;__Lib_MathDouble.c,199 :: 		
0x008C	0x3A02      	SWAPF       R2, 1, 0
;__Lib_MathDouble.c,200 :: 		
0x008E	0x3801      	SWAPF       R1, 0, 0
;__Lib_MathDouble.c,201 :: 		
0x0090	0x0B0F      	ANDLW       15
;__Lib_MathDouble.c,202 :: 		
0x0092	0x2602      	ADDWF       R2, 1, 0
;__Lib_MathDouble.c,204 :: 		
0x0094	0x3801      	SWAPF       R1, 0, 0
;__Lib_MathDouble.c,205 :: 		
0x0096	0x0BF0      	ANDLW       240
;__Lib_MathDouble.c,206 :: 		
0x0098	0x6E01      	MOVWF       R1, 0
;__Lib_MathDouble.c,207 :: 		
0x009A	0x3800      	SWAPF       R0, 0, 0
;__Lib_MathDouble.c,208 :: 		
0x009C	0x0B0F      	ANDLW       15
;__Lib_MathDouble.c,209 :: 		
0x009E	0x2601      	ADDWF       R1, 1, 0
;__Lib_MathDouble.c,211 :: 		
0x00A0	0x3800      	SWAPF       R0, 0, 0
;__Lib_MathDouble.c,212 :: 		
0x00A2	0x0BF0      	ANDLW       240
;__Lib_MathDouble.c,213 :: 		
0x00A4	0x6E00      	MOVWF       R0, 0
;__Lib_MathDouble.c,214 :: 		
0x00A6	0x3808      	SWAPF       R8, 0, 0
;__Lib_MathDouble.c,215 :: 		
0x00A8	0x0B0F      	ANDLW       15
;__Lib_MathDouble.c,216 :: 		
0x00AA	0x2600      	ADDWF       R0, 1, 0
;__Lib_MathDouble.c,218 :: 		
0x00AC	0x3808      	SWAPF       R8, 0, 0
;__Lib_MathDouble.c,219 :: 		
0x00AE	0x0BF0      	ANDLW       240
;__Lib_MathDouble.c,220 :: 		
0x00B0	0x6E08      	MOVWF       R8, 0
;__Lib_MathDouble.c,222 :: 		
0x00B2	0x840E      	BSF         R14, 2, 0
;__Lib_MathDouble.c,224 :: 		
NORM4032:
;__Lib_MathDouble.c,225 :: 		
0x00B4	0x90D8      	BCF         STATUS, 0, 0
;__Lib_MathDouble.c,227 :: 		
0x00B6	0xBE02      	BTFSC       R2, 7, 0
;__Lib_MathDouble.c,228 :: 		
0x00B8	0xF000EF73  	GOTO        TNORMUN4032
;__Lib_MathDouble.c,229 :: 		
0x00BC	0x3608      	RLCF        R8, 1, 0
;__Lib_MathDouble.c,230 :: 		
0x00BE	0x3600      	RLCF        R0, 1, 0
;__Lib_MathDouble.c,231 :: 		
0x00C0	0x3601      	RLCF        R1, 1, 0
;__Lib_MathDouble.c,232 :: 		
0x00C2	0x3602      	RLCF        R2, 1, 0
;__Lib_MathDouble.c,233 :: 		
0x00C4	0x2A0E      	INCF        R14, 1, 0
;__Lib_MathDouble.c,234 :: 		
0x00C6	0xBE02      	BTFSC       R2, 7, 0
;__Lib_MathDouble.c,235 :: 		
0x00C8	0xF000EF73  	GOTO        TNORMUN4032
;__Lib_MathDouble.c,236 :: 		
0x00CC	0x3608      	RLCF        R8, 1, 0
;__Lib_MathDouble.c,237 :: 		
0x00CE	0x3600      	RLCF        R0, 1, 0
;__Lib_MathDouble.c,238 :: 		
0x00D0	0x3601      	RLCF        R1, 1, 0
;__Lib_MathDouble.c,239 :: 		
0x00D2	0x3602      	RLCF        R2, 1, 0
;__Lib_MathDouble.c,240 :: 		
0x00D4	0x2A0E      	INCF        R14, 1, 0
;__Lib_MathDouble.c,241 :: 		
0x00D6	0xBE02      	BTFSC       R2, 7, 0
;__Lib_MathDouble.c,242 :: 		
0x00D8	0xF000EF73  	GOTO        TNORMUN4032
;__Lib_MathDouble.c,243 :: 		
0x00DC	0x3608      	RLCF        R8, 1, 0
;__Lib_MathDouble.c,244 :: 		
0x00DE	0x3600      	RLCF        R0, 1, 0
;__Lib_MathDouble.c,245 :: 		
0x00E0	0x3601      	RLCF        R1, 1, 0
;__Lib_MathDouble.c,246 :: 		
0x00E2	0x3602      	RLCF        R2, 1, 0
;__Lib_MathDouble.c,247 :: 		
0x00E4	0x2A0E      	INCF        R14, 1, 0
;__Lib_MathDouble.c,249 :: 		
TNORMUN4032:
;__Lib_MathDouble.c,250 :: 		
0x00E6	0x500E      	MOVF        R14, 0, 0
;__Lib_MathDouble.c,251 :: 		
0x00E8	0x6403      	CPFSGT      R3, 0
;__Lib_MathDouble.c,252 :: 		
0x00EA	0xF001EF14  	GOTO        NRM40JPSETFUN32
;__Lib_MathDouble.c,253 :: 		
0x00EE	0x5E03      	SUBWF       R3, 1, 0
;__Lib_MathDouble.c,255 :: 		
NRMRND4032:
;__Lib_MathDouble.c,256 :: 		
0x00F0	0xBC0B      	BTFSC       R11, 6, 0
;__Lib_MathDouble.c,257 :: 		
0x00F2	0xAE08      	BTFSS       R8, 7, 0
;__Lib_MathDouble.c,258 :: 		
0x00F4	0xF001EF19  	GOTO        NRM40JPFIXSIGN32
;__Lib_MathDouble.c,259 :: 		
0x00F8	0x80D8      	BSF         STATUS, 0, 0
;__Lib_MathDouble.c,260 :: 		
0x00FA	0x0E80      	MOVLW       128
;__Lib_MathDouble.c,261 :: 		
0x00FC	0x6408      	CPFSGT      R8, 0
;__Lib_MathDouble.c,262 :: 		
0x00FE	0x3000      	RRCF        R0, 0, 0
;__Lib_MathDouble.c,263 :: 		
0x0100	0x0E00      	MOVLW       0
;__Lib_MathDouble.c,264 :: 		
0x0102	0x2200      	ADDWFC      R0, 1, 0
;__Lib_MathDouble.c,265 :: 		
0x0104	0x2201      	ADDWFC      R1, 1, 0
;__Lib_MathDouble.c,266 :: 		
0x0106	0x2202      	ADDWFC      R2, 1, 0
;__Lib_MathDouble.c,268 :: 		
0x0108	0xA0D8      	BTFSS       STATUS, 0, 0
;__Lib_MathDouble.c,269 :: 		
0x010A	0xF001EF19  	GOTO        NRM40JPFIXSIGN32
;__Lib_MathDouble.c,270 :: 		
0x010E	0x3202      	RRCF        R2, 1, 0
;__Lib_MathDouble.c,271 :: 		
0x0110	0x3201      	RRCF        R1, 1, 0
;__Lib_MathDouble.c,272 :: 		
0x0112	0x3200      	RRCF        R0, 1, 0
;__Lib_MathDouble.c,273 :: 		
0x0114	0x4A03      	INFSNZ      R3, 1, 0
;__Lib_MathDouble.c,274 :: 		
0x0116	0xF001EF1E  	GOTO        NRM40JPSETFOV32
;__Lib_MathDouble.c,275 :: 		
0x011A	0xF001EF19  	GOTO        NRM40JPFIXSIGN32
;__Lib_MathDouble.c,277 :: 		
NRM4032A:
;__Lib_MathDouble.c,278 :: 		
0x011E	0xF002C001  	MOVFF       R1, R2
;__Lib_MathDouble.c,279 :: 		
0x0122	0xF001C000  	MOVFF       R0, R1
;__Lib_MathDouble.c,280 :: 		
0x0126	0xF000C008  	MOVFF       R8, R0
;__Lib_MathDouble.c,281 :: 		
0x012A	0x6A08      	CLRF        R8, 0
;__Lib_MathDouble.c,282 :: 		
0x012C	0x0E00      	MOVLW       0
;__Lib_MathDouble.c,283 :: 		
0x012E	0x860E      	BSF         R14, 3, 0
;__Lib_MathDouble.c,284 :: 		
0x0130	0x6402      	CPFSGT      R2, 0
;__Lib_MathDouble.c,285 :: 		
0x0132	0xF000EFC6  	GOTO        NRM4032B
;__Lib_MathDouble.c,288 :: 		
0x0136	0x0EF0      	MOVLW       240
;__Lib_MathDouble.c,289 :: 		
0x0138	0x1402      	ANDWF       R2, 0, 0
;__Lib_MathDouble.c,290 :: 		
0x013A	0xA4D8      	BTFSS       STATUS, 2, 0
;__Lib_MathDouble.c,291 :: 		
0x013C	0xF000EFAE  	GOTO        NORM4032A
;__Lib_MathDouble.c,292 :: 		
0x0140	0x3A02      	SWAPF       R2, 1, 0
;__Lib_MathDouble.c,293 :: 		
0x0142	0x3801      	SWAPF       R1, 0, 0
;__Lib_MathDouble.c,294 :: 		
0x0144	0x0B0F      	ANDLW       15
;__Lib_MathDouble.c,295 :: 		
0x0146	0x2602      	ADDWF       R2, 1, 0
;__Lib_MathDouble.c,297 :: 		
0x0148	0x3801      	SWAPF       R1, 0, 0
;__Lib_MathDouble.c,298 :: 		
0x014A	0x0BF0      	ANDLW       240
;__Lib_MathDouble.c,299 :: 		
0x014C	0x6E01      	MOVWF       R1, 0
;__Lib_MathDouble.c,300 :: 		
0x014E	0x3800      	SWAPF       R0, 0, 0
;__Lib_MathDouble.c,301 :: 		
0x0150	0x0B0F      	ANDLW       15
;__Lib_MathDouble.c,302 :: 		
0x0152	0x2601      	ADDWF       R1, 1, 0
;__Lib_MathDouble.c,304 :: 		
0x0154	0x3800      	SWAPF       R0, 0, 0
;__Lib_MathDouble.c,305 :: 		
0x0156	0x0BF0      	ANDLW       240
;__Lib_MathDouble.c,306 :: 		
0x0158	0x6E00      	MOVWF       R0, 0
;__Lib_MathDouble.c,308 :: 		
0x015A	0x840E      	BSF         R14, 2, 0
;__Lib_MathDouble.c,310 :: 		
NORM4032A:
;__Lib_MathDouble.c,311 :: 		
0x015C	0x90D8      	BCF         STATUS, 0, 0
;__Lib_MathDouble.c,313 :: 		
0x015E	0xBE02      	BTFSC       R2, 7, 0
;__Lib_MathDouble.c,314 :: 		
0x0160	0xF000EF73  	GOTO        TNORMUN4032
;__Lib_MathDouble.c,315 :: 		
0x0164	0x3600      	RLCF        R0, 1, 0
;__Lib_MathDouble.c,316 :: 		
0x0166	0x3601      	RLCF        R1, 1, 0
;__Lib_MathDouble.c,317 :: 		
0x0168	0x3602      	RLCF        R2, 1, 0
;__Lib_MathDouble.c,318 :: 		
0x016A	0x2A0E      	INCF        R14, 1, 0
;__Lib_MathDouble.c,319 :: 		
0x016C	0xBE02      	BTFSC       R2, 7, 0
;__Lib_MathDouble.c,320 :: 		
0x016E	0xF000EF73  	GOTO        TNORMUN4032
;__Lib_MathDouble.c,321 :: 		
0x0172	0x3600      	RLCF        R0, 1, 0
;__Lib_MathDouble.c,322 :: 		
0x0174	0x3601      	RLCF        R1, 1, 0
;__Lib_MathDouble.c,323 :: 		
0x0176	0x3602      	RLCF        R2, 1, 0
;__Lib_MathDouble.c,324 :: 		
0x0178	0x2A0E      	INCF        R14, 1, 0
;__Lib_MathDouble.c,325 :: 		
0x017A	0xBE02      	BTFSC       R2, 7, 0
;__Lib_MathDouble.c,326 :: 		
0x017C	0xF000EF73  	GOTO        TNORMUN4032
;__Lib_MathDouble.c,327 :: 		
0x0180	0x3600      	RLCF        R0, 1, 0
;__Lib_MathDouble.c,328 :: 		
0x0182	0x3601      	RLCF        R1, 1, 0
;__Lib_MathDouble.c,329 :: 		
0x0184	0x3602      	RLCF        R2, 1, 0
;__Lib_MathDouble.c,330 :: 		
0x0186	0x2A0E      	INCF        R14, 1, 0
;__Lib_MathDouble.c,331 :: 		
0x0188	0xF000EF73  	GOTO        TNORMUN4032
;__Lib_MathDouble.c,333 :: 		
NRM4032B:
;__Lib_MathDouble.c,334 :: 		
0x018C	0xF002C001  	MOVFF       R1, R2
;__Lib_MathDouble.c,335 :: 		
0x0190	0xF001C000  	MOVFF       R0, R1
;__Lib_MathDouble.c,336 :: 		
0x0194	0x6A00      	CLRF        R0, 0
;__Lib_MathDouble.c,337 :: 		
0x0196	0x0E00      	MOVLW       0
;__Lib_MathDouble.c,338 :: 		
0x0198	0x960E      	BCF         R14, 3, 0
;__Lib_MathDouble.c,339 :: 		
0x019A	0x880E      	BSF         R14, 4, 0
;__Lib_MathDouble.c,340 :: 		
0x019C	0x6402      	CPFSGT      R2, 0
;__Lib_MathDouble.c,341 :: 		
0x019E	0xF000EFF3  	GOTO        NRM4032C
;__Lib_MathDouble.c,344 :: 		
0x01A2	0x0EF0      	MOVLW       240
;__Lib_MathDouble.c,345 :: 		
0x01A4	0x1402      	ANDWF       R2, 0, 0
;__Lib_MathDouble.c,346 :: 		
0x01A6	0xA4D8      	BTFSS       STATUS, 2, 0
;__Lib_MathDouble.c,347 :: 		
0x01A8	0xF000EFDE  	GOTO        NORM4032B
;__Lib_MathDouble.c,349 :: 		
0x01AC	0x3A02      	SWAPF       R2, 1, 0
;__Lib_MathDouble.c,350 :: 		
0x01AE	0x3801      	SWAPF       R1, 0, 0
;__Lib_MathDouble.c,351 :: 		
0x01B0	0x0B0F      	ANDLW       15
;__Lib_MathDouble.c,352 :: 		
0x01B2	0x2602      	ADDWF       R2, 1, 0
;__Lib_MathDouble.c,354 :: 		
0x01B4	0x3801      	SWAPF       R1, 0, 0
;__Lib_MathDouble.c,355 :: 		
0x01B6	0x0BF0      	ANDLW       240
;__Lib_MathDouble.c,356 :: 		
0x01B8	0x6E01      	MOVWF       R1, 0
;__Lib_MathDouble.c,358 :: 		
0x01BA	0x840E      	BSF         R14, 2, 0
;__Lib_MathDouble.c,360 :: 		
NORM4032B:
;__Lib_MathDouble.c,361 :: 		
0x01BC	0x90D8      	BCF         STATUS, 0, 0
;__Lib_MathDouble.c,362 :: 		
0x01BE	0xBE02      	BTFSC       R2, 7, 0
;__Lib_MathDouble.c,363 :: 		
0x01C0	0xF000EF73  	GOTO        TNORMUN4032
;__Lib_MathDouble.c,364 :: 		
0x01C4	0x3601      	RLCF        R1, 1, 0
;__Lib_MathDouble.c,365 :: 		
0x01C6	0x3602      	RLCF        R2, 1, 0
;__Lib_MathDouble.c,366 :: 		
0x01C8	0x2A0E      	INCF        R14, 1, 0
;__Lib_MathDouble.c,367 :: 		
0x01CA	0xBE02      	BTFSC       R2, 7, 0
;__Lib_MathDouble.c,368 :: 		
0x01CC	0xF000EF73  	GOTO        TNORMUN4032
;__Lib_MathDouble.c,369 :: 		
0x01D0	0x3601      	RLCF        R1, 1, 0
;__Lib_MathDouble.c,370 :: 		
0x01D2	0x3602      	RLCF        R2, 1, 0
;__Lib_MathDouble.c,371 :: 		
0x01D4	0x2A0E      	INCF        R14, 1, 0
;__Lib_MathDouble.c,372 :: 		
0x01D6	0xBE02      	BTFSC       R2, 7, 0
;__Lib_MathDouble.c,373 :: 		
0x01D8	0xF000EF73  	GOTO        TNORMUN4032
;__Lib_MathDouble.c,374 :: 		
0x01DC	0x3601      	RLCF        R1, 1, 0
;__Lib_MathDouble.c,375 :: 		
0x01DE	0x3602      	RLCF        R2, 1, 0
;__Lib_MathDouble.c,376 :: 		
0x01E0	0x2A0E      	INCF        R14, 1, 0
;__Lib_MathDouble.c,377 :: 		
0x01E2	0xF000EF73  	GOTO        TNORMUN4032
;__Lib_MathDouble.c,379 :: 		
NRM4032C:
;__Lib_MathDouble.c,380 :: 		
0x01E6	0xF002C001  	MOVFF       R1, R2
;__Lib_MathDouble.c,381 :: 		
0x01EA	0x6A01      	CLRF        R1, 0
;__Lib_MathDouble.c,382 :: 		
0x01EC	0x0E00      	MOVLW       0
;__Lib_MathDouble.c,383 :: 		
0x01EE	0x860E      	BSF         R14, 3, 0
;__Lib_MathDouble.c,384 :: 		
0x01F0	0x6402      	CPFSGT      R2, 0
;__Lib_MathDouble.c,385 :: 		
0x01F2	0xF001EF23  	GOTO        NRM40JPRES032
;__Lib_MathDouble.c,388 :: 		
0x01F6	0x0EF0      	MOVLW       240
;__Lib_MathDouble.c,389 :: 		
0x01F8	0x1402      	ANDWF       R2, 0, 0
;__Lib_MathDouble.c,390 :: 		
0x01FA	0xA4D8      	BTFSS       STATUS, 2, 0
;__Lib_MathDouble.c,391 :: 		
0x01FC	0xF001EF02  	GOTO        NORM4032C
;__Lib_MathDouble.c,392 :: 		
0x0200	0x3A02      	SWAPF       R2, 1, 0
;__Lib_MathDouble.c,394 :: 		
0x0202	0x840E      	BSF         R14, 2, 0
;__Lib_MathDouble.c,396 :: 		
NORM4032C:
;__Lib_MathDouble.c,397 :: 		
0x0204	0x90D8      	BCF         STATUS, 0, 0
;__Lib_MathDouble.c,399 :: 		
0x0206	0xBE02      	BTFSC       R2, 7, 0
;__Lib_MathDouble.c,400 :: 		
0x0208	0xF000EF73  	GOTO        TNORMUN4032
;__Lib_MathDouble.c,401 :: 		
0x020C	0x3602      	RLCF        R2, 1, 0
;__Lib_MathDouble.c,402 :: 		
0x020E	0x2A0E      	INCF        R14, 1, 0
;__Lib_MathDouble.c,403 :: 		
0x0210	0xBE02      	BTFSC       R2, 7, 0
;__Lib_MathDouble.c,404 :: 		
0x0212	0xF000EF73  	GOTO        TNORMUN4032
;__Lib_MathDouble.c,405 :: 		
0x0216	0x3602      	RLCF        R2, 1, 0
;__Lib_MathDouble.c,406 :: 		
0x0218	0x2A0E      	INCF        R14, 1, 0
;__Lib_MathDouble.c,407 :: 		
0x021A	0xBE02      	BTFSC       R2, 7, 0
;__Lib_MathDouble.c,408 :: 		
0x021C	0xF000EF73  	GOTO        TNORMUN4032
;__Lib_MathDouble.c,409 :: 		
0x0220	0x3602      	RLCF        R2, 1, 0
;__Lib_MathDouble.c,410 :: 		
0x0222	0x2A0E      	INCF        R14, 1, 0
;__Lib_MathDouble.c,411 :: 		
0x0224	0xF000EF73  	GOTO        TNORMUN4032
;__Lib_MathDouble.c,413 :: 		
NRM40JPSETFUN32:
;__Lib_MathDouble.c,414 :: 		
0x0228	0x0E01      	MOVLW       1
;__Lib_MathDouble.c,415 :: 		
0x022A	0x6E0C      	MOVWF       R12, 0
;__Lib_MathDouble.c,417 :: 		
0x022C	0xDEFB      	RCALL       _SETFUN32
;__Lib_MathDouble.c,419 :: 		
0x022E	0xF001EF26  	GOTO        NRM40EEE
;__Lib_MathDouble.c,420 :: 		
NRM40JPFIXSIGN32:
;__Lib_MathDouble.c,421 :: 		
0x0232	0x0E02      	MOVLW       2
;__Lib_MathDouble.c,422 :: 		
0x0234	0x6E0C      	MOVWF       R12, 0
;__Lib_MathDouble.c,424 :: 		
0x0236	0xDEF2      	RCALL       _FIXSIGN32
;__Lib_MathDouble.c,426 :: 		
0x0238	0xF001EF26  	GOTO        NRM40EEE
;__Lib_MathDouble.c,427 :: 		
NRM40JPSETFOV32:
;__Lib_MathDouble.c,428 :: 		
0x023C	0x0E04      	MOVLW       4
;__Lib_MathDouble.c,429 :: 		
0x023E	0x6E0C      	MOVWF       R12, 0
;__Lib_MathDouble.c,431 :: 		
0x0240	0xDEFE      	RCALL       _SETFOV32
;__Lib_MathDouble.c,433 :: 		
0x0242	0xF001EF26  	GOTO        NRM40EEE
;__Lib_MathDouble.c,434 :: 		
NRM40JPRES032:
;__Lib_MathDouble.c,435 :: 		
0x0246	0x0E08      	MOVLW       8
;__Lib_MathDouble.c,436 :: 		
0x0248	0x6E0C      	MOVWF       R12, 0
;__Lib_MathDouble.c,438 :: 		
0x024A	0xDF05      	RCALL       _RES032
;__Lib_MathDouble.c,440 :: 		
NRM40EEE:
;__Lib_MathDouble.c,448 :: 		
L_end_NRM4032:
0x024C	0x0012      	RETURN      0
; end of _NRM4032
_Div_32x32_FP:
;__Lib_MathDouble.c,1325 :: 		
;__Lib_MathDouble.c,1339 :: 		
0x024E	0x5004      	MOVF        R4, 0 
0x0250	0x0A00      	XORLW       0
0x0252	0xE112      	BNZ         L_Div_32x32_FP11
;__Lib_MathDouble.c,1340 :: 		
0x0254	0x5005      	MOVF        R5, 0 
0x0256	0x0A00      	XORLW       0
0x0258	0xE10F      	BNZ         L_Div_32x32_FP12
;__Lib_MathDouble.c,1341 :: 		
0x025A	0x5006      	MOVF        R6, 0 
0x025C	0x0A00      	XORLW       0
0x025E	0xE10C      	BNZ         L_Div_32x32_FP13
;__Lib_MathDouble.c,1342 :: 		
0x0260	0x5007      	MOVF        R7, 0 
0x0262	0x0A00      	XORLW       0
0x0264	0xE109      	BNZ         L_Div_32x32_FP14
;__Lib_MathDouble.c,1343 :: 		
0x0266	0x0EFF      	MOVLW       255
0x0268	0x6E00      	MOVWF       R0 
;__Lib_MathDouble.c,1344 :: 		
0x026A	0x0EFF      	MOVLW       255
0x026C	0x6E01      	MOVWF       R1 
;__Lib_MathDouble.c,1345 :: 		
0x026E	0x0E7F      	MOVLW       127
0x0270	0x6E02      	MOVWF       R2 
;__Lib_MathDouble.c,1346 :: 		
0x0272	0x0EFF      	MOVLW       255
0x0274	0x6E03      	MOVWF       R3 
;__Lib_MathDouble.c,1347 :: 		
0x0276	0xD0A4      	BRA         L_end_Div_32x32_FP
;__Lib_MathDouble.c,1348 :: 		
L_Div_32x32_FP14:
L_Div_32x32_FP13:
L_Div_32x32_FP12:
L_Div_32x32_FP11:
;__Lib_MathDouble.c,1353 :: 		
0x0278	0x6A08      	CLRF        R8, 0
;__Lib_MathDouble.c,1354 :: 		
0x027A	0x6A09      	CLRF        R9, 0
;__Lib_MathDouble.c,1356 :: 		
0x027C	0x5007      	MOVF        R7, 0, 0
;__Lib_MathDouble.c,1357 :: 		
0x027E	0xB4D8      	BTFSC       STATUS, 2, 0
;__Lib_MathDouble.c,1358 :: 		
0x0280	0xF001EFD2  	GOTO        JPDSETFDZ32
;__Lib_MathDouble.c,1360 :: 		
0x0284	0x5003      	MOVF        R3, 0, 0
;__Lib_MathDouble.c,1361 :: 		
0x0286	0xB4D8      	BTFSC       STATUS, 2, 0
;__Lib_MathDouble.c,1362 :: 		
0x0288	0xF001EFD6  	GOTO        JPDRES032
;__Lib_MathDouble.c,1364 :: 		
0x028C	0x5002      	MOVF        R2, 0, 0
;__Lib_MathDouble.c,1365 :: 		
0x028E	0x1806      	XORWF       R6, 0, 0
;__Lib_MathDouble.c,1366 :: 		
0x0290	0x6E0A      	MOVWF       R10, 0
;__Lib_MathDouble.c,1367 :: 		
0x0292	0x8E02      	BSF         R2, 7, 0
;__Lib_MathDouble.c,1368 :: 		
0x0294	0x8E06      	BSF         R6, 7, 0
;__Lib_MathDouble.c,1370 :: 		
0x0296	0x6A0E      	CLRF        R14, 0
;__Lib_MathDouble.c,1371 :: 		
0x0298	0xF008C002  	MOVFF       R2, R8
;__Lib_MathDouble.c,1372 :: 		
0x029C	0xF00CC001  	MOVFF       R1, R12
;__Lib_MathDouble.c,1373 :: 		
0x02A0	0xF00DC000  	MOVFF       R0, R13
;__Lib_MathDouble.c,1375 :: 		
0x02A4	0x5004      	MOVF        R4, 0, 0
;__Lib_MathDouble.c,1376 :: 		
0x02A6	0x5E0D      	SUBWF       R13, 1, 0
;__Lib_MathDouble.c,1377 :: 		
0x02A8	0x5005      	MOVF        R5, 0, 0
;__Lib_MathDouble.c,1378 :: 		
0x02AA	0xA0D8      	BTFSS       STATUS, 0, 0
;__Lib_MathDouble.c,1379 :: 		
0x02AC	0x3C05      	INCFSZ      R5, 0, 0
;__Lib_MathDouble.c,1381 :: 		
0x02AE	0x5E0C      	SUBWF       R12, 1, 0
;__Lib_MathDouble.c,1382 :: 		
0x02B0	0x5006      	MOVF        R6, 0, 0
;__Lib_MathDouble.c,1383 :: 		
0x02B2	0xA0D8      	BTFSS       STATUS, 0, 0
;__Lib_MathDouble.c,1384 :: 		
0x02B4	0x3C06      	INCFSZ      R6, 0, 0
;__Lib_MathDouble.c,1386 :: 		
0x02B6	0x5E08      	SUBWF       R8, 1, 0
;__Lib_MathDouble.c,1387 :: 		
0x02B8	0x6A08      	CLRF        R8, 0
;__Lib_MathDouble.c,1388 :: 		
0x02BA	0x6A0C      	CLRF        R12, 0
;__Lib_MathDouble.c,1389 :: 		
0x02BC	0x6A0D      	CLRF        R13, 0
;__Lib_MathDouble.c,1390 :: 		
0x02BE	0xA0D8      	BTFSS       STATUS, 0, 0
;__Lib_MathDouble.c,1391 :: 		
0x02C0	0xF001EF69  	GOTO        DALIGN32OK
;__Lib_MathDouble.c,1393 :: 		
0x02C4	0x90D8      	BCF         STATUS, 0, 0
;__Lib_MathDouble.c,1394 :: 		
0x02C6	0x3202      	RRCF        R2, 1, 0
;__Lib_MathDouble.c,1395 :: 		
0x02C8	0x3201      	RRCF        R1, 1, 0
;__Lib_MathDouble.c,1396 :: 		
0x02CA	0x3200      	RRCF        R0, 1, 0
;__Lib_MathDouble.c,1397 :: 		
0x02CC	0x3208      	RRCF        R8, 1, 0
;__Lib_MathDouble.c,1398 :: 		
0x02CE	0x0E01      	MOVLW       1
;__Lib_MathDouble.c,1399 :: 		
0x02D0	0x6E0E      	MOVWF       R14, 0
;__Lib_MathDouble.c,1400 :: 		
DALIGN32OK:
;__Lib_MathDouble.c,1401 :: 		
0x02D2	0x5007      	MOVF        R7, 0, 0
;__Lib_MathDouble.c,1402 :: 		
0x02D4	0x5E03      	SUBWF       R3, 1, 0
;__Lib_MathDouble.c,1403 :: 		
0x02D6	0xA0D8      	BTFSS       STATUS, 0, 0
;__Lib_MathDouble.c,1404 :: 		
0x02D8	0xF001EF76  	GOTO        ALTB32
;__Lib_MathDouble.c,1406 :: 		
0x02DC	0x0E7E      	MOVLW       126
;__Lib_MathDouble.c,1407 :: 		
0x02DE	0x240E      	ADDWF       R14, 0, 0
;__Lib_MathDouble.c,1408 :: 		
0x02E0	0x2603      	ADDWF       R3, 1, 0
;__Lib_MathDouble.c,1409 :: 		
0x02E2	0xB0D8      	BTFSC       STATUS, 0, 0
;__Lib_MathDouble.c,1410 :: 		
0x02E4	0xF001EFDA  	GOTO        JPDSETFOV32
;__Lib_MathDouble.c,1411 :: 		
0x02E8	0xF001EF7C  	GOTO        DARGOK32
;__Lib_MathDouble.c,1412 :: 		
ALTB32:
;__Lib_MathDouble.c,1413 :: 		
0x02EC	0x0E7E      	MOVLW       126
;__Lib_MathDouble.c,1414 :: 		
0x02EE	0x240E      	ADDWF       R14, 0, 0
;__Lib_MathDouble.c,1415 :: 		
0x02F0	0x2603      	ADDWF       R3, 1, 0
;__Lib_MathDouble.c,1416 :: 		
0x02F2	0xA0D8      	BTFSS       STATUS, 0, 0
;__Lib_MathDouble.c,1417 :: 		
0x02F4	0xF001EFDE  	GOTO        JPDSETFUN32
;__Lib_MathDouble.c,1418 :: 		
DARGOK32:
;__Lib_MathDouble.c,1419 :: 		
0x02F8	0x0E18      	MOVLW       24
;__Lib_MathDouble.c,1420 :: 		
0x02FA	0x6E0B      	MOVWF       R11, 0
;__Lib_MathDouble.c,1421 :: 		
DLOOP32:
;__Lib_MathDouble.c,1422 :: 		
0x02FC	0x360D      	RLCF        R13, 1, 0
;__Lib_MathDouble.c,1423 :: 		
0x02FE	0x360C      	RLCF        R12, 1, 0
;__Lib_MathDouble.c,1424 :: 		
0x0300	0x3608      	RLCF        R8, 1, 0
;__Lib_MathDouble.c,1425 :: 		
0x0302	0x3600      	RLCF        R0, 1, 0
;__Lib_MathDouble.c,1426 :: 		
0x0304	0x3601      	RLCF        R1, 1, 0
;__Lib_MathDouble.c,1427 :: 		
0x0306	0x3602      	RLCF        R2, 1, 0
;__Lib_MathDouble.c,1428 :: 		
0x0308	0x360E      	RLCF        R14, 1, 0
;__Lib_MathDouble.c,1430 :: 		
0x030A	0x5004      	MOVF        R4, 0, 0
;__Lib_MathDouble.c,1431 :: 		
0x030C	0x5E00      	SUBWF       R0, 1, 0
;__Lib_MathDouble.c,1432 :: 		
0x030E	0x5005      	MOVF        R5, 0, 0
;__Lib_MathDouble.c,1433 :: 		
0x0310	0xA0D8      	BTFSS       STATUS, 0, 0
;__Lib_MathDouble.c,1434 :: 		
0x0312	0x3C05      	INCFSZ      R5, 0, 0
;__Lib_MathDouble.c,1436 :: 		
0x0314	0x5E01      	SUBWF       R1, 1, 0
;__Lib_MathDouble.c,1437 :: 		
0x0316	0x5006      	MOVF        R6, 0, 0
;__Lib_MathDouble.c,1438 :: 		
0x0318	0xA0D8      	BTFSS       STATUS, 0, 0
;__Lib_MathDouble.c,1439 :: 		
0x031A	0x3C06      	INCFSZ      R6, 0, 0
;__Lib_MathDouble.c,1441 :: 		
0x031C	0x5E02      	SUBWF       R2, 1, 0
;__Lib_MathDouble.c,1442 :: 		
0x031E	0x3406      	RLCF        R6, 0, 0
;__Lib_MathDouble.c,1443 :: 		
0x0320	0x120E      	IORWF       R14, 1, 0
;__Lib_MathDouble.c,1444 :: 		
0x0322	0xA00E      	BTFSS       R14, 0, 0
;__Lib_MathDouble.c,1445 :: 		
0x0324	0xF001EF97  	GOTO        DREST32
;__Lib_MathDouble.c,1446 :: 		
0x0328	0x800D      	BSF         R13, 0, 0
;__Lib_MathDouble.c,1447 :: 		
0x032A	0xF001EFA2  	GOTO        DOK32
;__Lib_MathDouble.c,1448 :: 		
DREST32:
;__Lib_MathDouble.c,1449 :: 		
0x032E	0x5004      	MOVF        R4, 0, 0
;__Lib_MathDouble.c,1450 :: 		
0x0330	0x2600      	ADDWF       R0, 1, 0
;__Lib_MathDouble.c,1451 :: 		
0x0332	0x5005      	MOVF        R5, 0, 0
;__Lib_MathDouble.c,1452 :: 		
0x0334	0xB0D8      	BTFSC       STATUS, 0, 0
;__Lib_MathDouble.c,1453 :: 		
0x0336	0x3C05      	INCFSZ      R5, 0, 0
;__Lib_MathDouble.c,1455 :: 		
0x0338	0x2601      	ADDWF       R1, 1, 0
;__Lib_MathDouble.c,1456 :: 		
0x033A	0x5006      	MOVF        R6, 0, 0
;__Lib_MathDouble.c,1457 :: 		
0x033C	0xB0D8      	BTFSC       STATUS, 0, 0
;__Lib_MathDouble.c,1458 :: 		
0x033E	0x2806      	INCF        R6, 0, 0
;__Lib_MathDouble.c,1459 :: 		
0x0340	0x2602      	ADDWF       R2, 1, 0
;__Lib_MathDouble.c,1460 :: 		
0x0342	0x900D      	BCF         R13, 0, 0
;__Lib_MathDouble.c,1461 :: 		
DOK32:
;__Lib_MathDouble.c,1462 :: 		
0x0344	0x2E0B      	DECFSZ      R11, 1, 0
;__Lib_MathDouble.c,1463 :: 		
0x0346	0xF001EF7E  	GOTO        DLOOP32
;__Lib_MathDouble.c,1467 :: 		
0x034A	0xF001EFC8  	GOTO        DIV32OK
;__Lib_MathDouble.c,1468 :: 		
0x034E	0x90D8      	BCF         STATUS, 0, 0
;__Lib_MathDouble.c,1469 :: 		
0x0350	0x3600      	RLCF        R0, 1, 0
;__Lib_MathDouble.c,1470 :: 		
0x0352	0x3601      	RLCF        R1, 1, 0
;__Lib_MathDouble.c,1471 :: 		
0x0354	0x3602      	RLCF        R2, 1, 0
;__Lib_MathDouble.c,1472 :: 		
0x0356	0x360E      	RLCF        R14, 1, 0
;__Lib_MathDouble.c,1474 :: 		
0x0358	0x5004      	MOVF        R4, 0, 0
;__Lib_MathDouble.c,1475 :: 		
0x035A	0x5E00      	SUBWF       R0, 1, 0
;__Lib_MathDouble.c,1476 :: 		
0x035C	0x5005      	MOVF        R5, 0, 0
;__Lib_MathDouble.c,1477 :: 		
0x035E	0xA0D8      	BTFSS       STATUS, 0, 0
;__Lib_MathDouble.c,1478 :: 		
0x0360	0x3C05      	INCFSZ      R5, 0, 0
;__Lib_MathDouble.c,1479 :: 		
0x0362	0x5E01      	SUBWF       R1, 1, 0
;__Lib_MathDouble.c,1480 :: 		
0x0364	0x5006      	MOVF        R6, 0, 0
;__Lib_MathDouble.c,1481 :: 		
0x0366	0xA0D8      	BTFSS       STATUS, 0, 0
;__Lib_MathDouble.c,1482 :: 		
0x0368	0x3C06      	INCFSZ      R6, 0, 0
;__Lib_MathDouble.c,1483 :: 		
0x036A	0x5E02      	SUBWF       R2, 1, 0
;__Lib_MathDouble.c,1484 :: 		
0x036C	0x3406      	RLCF        R6, 0, 0
;__Lib_MathDouble.c,1485 :: 		
0x036E	0x100E      	IORWF       R14, 0, 0
;__Lib_MathDouble.c,1486 :: 		
0x0370	0x0B01      	ANDLW       1
;__Lib_MathDouble.c,1487 :: 		
0x0372	0x260D      	ADDWF       R13, 1, 0
;__Lib_MathDouble.c,1488 :: 		
0x0374	0xB0D8      	BTFSC       STATUS, 0, 0
;__Lib_MathDouble.c,1489 :: 		
0x0376	0x2A0C      	INCF        R12, 1, 0
;__Lib_MathDouble.c,1490 :: 		
0x0378	0xB4D8      	BTFSC       STATUS, 2, 0
;__Lib_MathDouble.c,1491 :: 		
0x037A	0x2A08      	INCF        R8, 1, 0
;__Lib_MathDouble.c,1492 :: 		
0x037C	0xA4D8      	BTFSS       STATUS, 2, 0
;__Lib_MathDouble.c,1493 :: 		
0x037E	0xF001EFC8  	GOTO        DIV32OK
;__Lib_MathDouble.c,1494 :: 		
0x0382	0x3208      	RRCF        R8, 1, 0
;__Lib_MathDouble.c,1495 :: 		
0x0384	0x320C      	RRCF        R12, 1, 0
;__Lib_MathDouble.c,1496 :: 		
0x0386	0x320D      	RRCF        R13, 1, 0
;__Lib_MathDouble.c,1497 :: 		
0x0388	0x2A03      	INCF        R3, 1, 0
;__Lib_MathDouble.c,1498 :: 		
0x038A	0xB4D8      	BTFSC       STATUS, 2, 0
;__Lib_MathDouble.c,1499 :: 		
0x038C	0xF001EFDA  	GOTO        JPDSETFOV32
;__Lib_MathDouble.c,1500 :: 		
DIV32OK:
;__Lib_MathDouble.c,1501 :: 		
0x0390	0xAE0A      	BTFSS       R10, 7, 0
;__Lib_MathDouble.c,1502 :: 		
0x0392	0x9E08      	BCF         R8, 7, 0
;__Lib_MathDouble.c,1503 :: 		
0x0394	0x5008      	MOVF        R8, 0, 0
;__Lib_MathDouble.c,1504 :: 		
0x0396	0x6E02      	MOVWF       R2, 0
;__Lib_MathDouble.c,1505 :: 		
0x0398	0x500C      	MOVF        R12, 0, 0
;__Lib_MathDouble.c,1506 :: 		
0x039A	0x6E01      	MOVWF       R1, 0
;__Lib_MathDouble.c,1507 :: 		
0x039C	0x500D      	MOVF        R13, 0, 0
;__Lib_MathDouble.c,1508 :: 		
0x039E	0x6E00      	MOVWF       R0, 0
;__Lib_MathDouble.c,1511 :: 		
0x03A0	0xF001EFE0  	GOTO        DIV32EEE
;__Lib_MathDouble.c,1512 :: 		
JPDSETFDZ32:
;__Lib_MathDouble.c,1513 :: 		
0x03A4	0x0E01      	MOVLW       1
;__Lib_MathDouble.c,1516 :: 		
0x03A6	0xDE5E      	RCALL       _SETFDZ32
;__Lib_MathDouble.c,1518 :: 		
0x03A8	0xF001EFE0  	GOTO        DIV32EEE
;__Lib_MathDouble.c,1519 :: 		
JPDRES032:
;__Lib_MathDouble.c,1520 :: 		
0x03AC	0x0E02      	MOVLW       2
;__Lib_MathDouble.c,1523 :: 		
0x03AE	0xDE53      	RCALL       _RES032
;__Lib_MathDouble.c,1525 :: 		
0x03B0	0xF001EFE0  	GOTO        DIV32EEE
;__Lib_MathDouble.c,1526 :: 		
JPDSETFOV32:
;__Lib_MathDouble.c,1527 :: 		
0x03B4	0x0E04      	MOVLW       4
;__Lib_MathDouble.c,1530 :: 		
0x03B6	0xDE43      	RCALL       _SETFOV32
;__Lib_MathDouble.c,1532 :: 		
0x03B8	0xF001EFE0  	GOTO        DIV32EEE
;__Lib_MathDouble.c,1533 :: 		
JPDSETFUN32:
;__Lib_MathDouble.c,1534 :: 		
0x03BC	0x0E08      	MOVLW       8
;__Lib_MathDouble.c,1537 :: 		
0x03BE	0xDE32      	RCALL       _SETFUN32
;__Lib_MathDouble.c,1539 :: 		
DIV32EEE:
;__Lib_MathDouble.c,1547 :: 		
L_end_Div_32x32_FP:
0x03C0	0x0012      	RETURN      0
; end of _Div_32x32_FP
_Add_32x32_FP:
;__Lib_MathDouble.c,563 :: 		
;__Lib_MathDouble.c,578 :: 		
0x03C2	0x5002      	MOVF        R2, 0, 0
;__Lib_MathDouble.c,579 :: 		
0x03C4	0x1806      	XORWF       R6, 0, 0
;__Lib_MathDouble.c,580 :: 		
0x03C6	0x6E0E      	MOVWF       R14, 0
;__Lib_MathDouble.c,582 :: 		
0x03C8	0x6A08      	CLRF        R8, 0
;__Lib_MathDouble.c,583 :: 		
0x03CA	0x6A09      	CLRF        R9, 0
;__Lib_MathDouble.c,584 :: 		
0x03CC	0x6A0B      	CLRF        R11, 0
;__Lib_MathDouble.c,586 :: 		
0x03CE	0x5003      	MOVF        R3, 0, 0
;__Lib_MathDouble.c,587 :: 		
0x03D0	0x6407      	CPFSGT      R7, 0
;__Lib_MathDouble.c,588 :: 		
0x03D2	0xF002EFD4  	GOTO        USEA32
;__Lib_MathDouble.c,591 :: 		
0x03D6	0x5006      	MOVF        R6, 0, 0
;__Lib_MathDouble.c,592 :: 		
0x03D8	0x6E0A      	MOVWF       R10, 0
;__Lib_MathDouble.c,593 :: 		
0x03DA	0x8E06      	BSF         R6, 7, 0
;__Lib_MathDouble.c,594 :: 		
0x03DC	0x8E02      	BSF         R2, 7, 0
;__Lib_MathDouble.c,596 :: 		
0x03DE	0x5003      	MOVF        R3, 0, 0
;__Lib_MathDouble.c,597 :: 		
0x03E0	0x6E0B      	MOVWF       R11, 0
;__Lib_MathDouble.c,598 :: 		
0x03E2	0x5007      	MOVF        R7, 0, 0
;__Lib_MathDouble.c,599 :: 		
0x03E4	0x6E03      	MOVWF       R3, 0
;__Lib_MathDouble.c,601 :: 		
0x03E6	0x0E00      	MOVLW       0
;__Lib_MathDouble.c,602 :: 		
0x03E8	0x640B      	CPFSGT      R11, 0
;__Lib_MathDouble.c,603 :: 		
0x03EA	0xF002EF24  	GOTO        BRETURN32
;__Lib_MathDouble.c,604 :: 		
0x03EE	0x500B      	MOVF        R11, 0, 0
;__Lib_MathDouble.c,605 :: 		
0x03F0	0x5E07      	SUBWF       R7, 1, 0
;__Lib_MathDouble.c,606 :: 		
0x03F2	0xB4D8      	BTFSC       STATUS, 2, 0
;__Lib_MathDouble.c,607 :: 		
0x03F4	0xF002EFC5  	GOTO        BLIGNED32
;__Lib_MathDouble.c,609 :: 		
0x03F8	0x0E07      	MOVLW       7
;__Lib_MathDouble.c,610 :: 		
0x03FA	0x6407      	CPFSGT      R7, 0
;__Lib_MathDouble.c,611 :: 		
0x03FC	0xF002EF93  	GOTO        BNIB32
;__Lib_MathDouble.c,613 :: 		
0x0400	0x5E07      	SUBWF       R7, 1, 0
;__Lib_MathDouble.c,614 :: 		
0x0402	0xF008C000  	MOVFF       R0, R8
;__Lib_MathDouble.c,615 :: 		
0x0406	0xF000C001  	MOVFF       R1, R0
;__Lib_MathDouble.c,616 :: 		
0x040A	0xF001C002  	MOVFF       R2, R1
;__Lib_MathDouble.c,617 :: 		
0x040E	0x6A02      	CLRF        R2, 0
;__Lib_MathDouble.c,618 :: 		
0x0410	0x4E07      	DCFSNZ      R7, 1, 0
;__Lib_MathDouble.c,619 :: 		
0x0412	0xF002EFC5  	GOTO        BLIGNED32
;__Lib_MathDouble.c,621 :: 		
0x0416	0x6407      	CPFSGT      R7, 0
;__Lib_MathDouble.c,622 :: 		
0x0418	0xF002EF68  	GOTO        BNIB32A
;__Lib_MathDouble.c,623 :: 		
0x041C	0x5E07      	SUBWF       R7, 1, 0
;__Lib_MathDouble.c,624 :: 		
0x041E	0xF008C000  	MOVFF       R0, R8
;__Lib_MathDouble.c,625 :: 		
0x0422	0xF000C001  	MOVFF       R1, R0
;__Lib_MathDouble.c,626 :: 		
0x0426	0x6A01      	CLRF        R1, 0
;__Lib_MathDouble.c,627 :: 		
0x0428	0x4E07      	DCFSNZ      R7, 1, 0
;__Lib_MathDouble.c,628 :: 		
0x042A	0xF002EFC5  	GOTO        BLIGNED32
;__Lib_MathDouble.c,630 :: 		
0x042E	0x6407      	CPFSGT      R7, 0
;__Lib_MathDouble.c,631 :: 		
0x0430	0xF002EF46  	GOTO        BNIB32B
;__Lib_MathDouble.c,632 :: 		
0x0434	0x5E07      	SUBWF       R7, 1, 0
;__Lib_MathDouble.c,633 :: 		
0x0436	0xF008C000  	MOVFF       R0, R8
;__Lib_MathDouble.c,634 :: 		
0x043A	0x6A00      	CLRF        R0, 0
;__Lib_MathDouble.c,635 :: 		
0x043C	0x4E07      	DCFSNZ      R7, 1, 0
;__Lib_MathDouble.c,636 :: 		
0x043E	0xF002EFC5  	GOTO        BLIGNED32
;__Lib_MathDouble.c,638 :: 		
0x0442	0x6407      	CPFSGT      R7, 0
;__Lib_MathDouble.c,639 :: 		
0x0444	0xF002EF2D  	GOTO        BNIB32C
;__Lib_MathDouble.c,641 :: 		
BRETURN32:
;__Lib_MathDouble.c,642 :: 		
0x0448	0xF002C00A  	MOVFF       R10, R2
;__Lib_MathDouble.c,643 :: 		
0x044C	0xF001C005  	MOVFF       R5, R1
;__Lib_MathDouble.c,644 :: 		
0x0450	0xF000C004  	MOVFF       R4, R0
;__Lib_MathDouble.c,645 :: 		
0x0454	0x6A08      	CLRF        R8, 0
;__Lib_MathDouble.c,646 :: 		
0x0456	0xF003EFEE  	GOTO        ADDEOK
;__Lib_MathDouble.c,648 :: 		
BNIB32C:
;__Lib_MathDouble.c,649 :: 		
0x045A	0x0E03      	MOVLW       3
;__Lib_MathDouble.c,650 :: 		
0x045C	0x6407      	CPFSGT      R7, 0
;__Lib_MathDouble.c,651 :: 		
0x045E	0xF002EF38  	GOTO        BLOOP32C
;__Lib_MathDouble.c,652 :: 		
0x0462	0x5E07      	SUBWF       R7, 1, 0
;__Lib_MathDouble.c,653 :: 		
0x0464	0x3808      	SWAPF       R8, 0, 0
;__Lib_MathDouble.c,654 :: 		
0x0466	0x0B0F      	ANDLW       15
;__Lib_MathDouble.c,655 :: 		
0x0468	0x6E08      	MOVWF       R8, 0
;__Lib_MathDouble.c,656 :: 		
0x046A	0x4E07      	DCFSNZ      R7, 1, 0
;__Lib_MathDouble.c,657 :: 		
0x046C	0xF002EFC5  	GOTO        BLIGNED32
;__Lib_MathDouble.c,659 :: 		
BLOOP32C:
;__Lib_MathDouble.c,660 :: 		
0x0470	0x90D8      	BCF         STATUS, 0, 0
;__Lib_MathDouble.c,661 :: 		
0x0472	0x3208      	RRCF        R8, 1, 0
;__Lib_MathDouble.c,662 :: 		
0x0474	0x4E07      	DCFSNZ      R7, 1, 0
;__Lib_MathDouble.c,663 :: 		
0x0476	0xF002EFC5  	GOTO        BLIGNED32
;__Lib_MathDouble.c,664 :: 		
0x047A	0x90D8      	BCF         STATUS, 0, 0
;__Lib_MathDouble.c,665 :: 		
0x047C	0x3208      	RRCF        R8, 1, 0
;__Lib_MathDouble.c,666 :: 		
0x047E	0x4E07      	DCFSNZ      R7, 1, 0
;__Lib_MathDouble.c,667 :: 		
0x0480	0xF002EFC5  	GOTO        BLIGNED32
;__Lib_MathDouble.c,668 :: 		
0x0484	0x90D8      	BCF         STATUS, 0, 0
;__Lib_MathDouble.c,669 :: 		
0x0486	0x3208      	RRCF        R8, 1, 0
;__Lib_MathDouble.c,670 :: 		
0x0488	0xF002EFC5  	GOTO        BLIGNED32
;__Lib_MathDouble.c,672 :: 		
BNIB32B:
;__Lib_MathDouble.c,673 :: 		
0x048C	0x0E03      	MOVLW       3
;__Lib_MathDouble.c,674 :: 		
0x048E	0x6407      	CPFSGT      R7, 0
;__Lib_MathDouble.c,675 :: 		
0x0490	0xF002EF57  	GOTO        BLOOP32B
;__Lib_MathDouble.c,676 :: 		
0x0494	0x5E07      	SUBWF       R7, 1, 0
;__Lib_MathDouble.c,677 :: 		
0x0496	0x3808      	SWAPF       R8, 0, 0
;__Lib_MathDouble.c,678 :: 		
0x0498	0x0B0F      	ANDLW       15
;__Lib_MathDouble.c,679 :: 		
0x049A	0x6E08      	MOVWF       R8, 0
;__Lib_MathDouble.c,680 :: 		
0x049C	0x3800      	SWAPF       R0, 0, 0
;__Lib_MathDouble.c,681 :: 		
0x049E	0x0BF0      	ANDLW       240
;__Lib_MathDouble.c,682 :: 		
0x04A0	0x2608      	ADDWF       R8, 1, 0
;__Lib_MathDouble.c,683 :: 		
0x04A2	0x3800      	SWAPF       R0, 0, 0
;__Lib_MathDouble.c,684 :: 		
0x04A4	0x0B0F      	ANDLW       15
;__Lib_MathDouble.c,685 :: 		
0x04A6	0x6E00      	MOVWF       R0, 0
;__Lib_MathDouble.c,686 :: 		
0x04A8	0x4E07      	DCFSNZ      R7, 1, 0
;__Lib_MathDouble.c,687 :: 		
0x04AA	0xF002EFC5  	GOTO        BLIGNED32
;__Lib_MathDouble.c,689 :: 		
BLOOP32B:
;__Lib_MathDouble.c,690 :: 		
0x04AE	0x90D8      	BCF         STATUS, 0, 0
;__Lib_MathDouble.c,691 :: 		
0x04B0	0x3200      	RRCF        R0, 1, 0
;__Lib_MathDouble.c,692 :: 		
0x04B2	0x3208      	RRCF        R8, 1, 0
;__Lib_MathDouble.c,693 :: 		
0x04B4	0x4E07      	DCFSNZ      R7, 1, 0
;__Lib_MathDouble.c,694 :: 		
0x04B6	0xF002EFC5  	GOTO        BLIGNED32
;__Lib_MathDouble.c,695 :: 		
0x04BA	0x90D8      	BCF         STATUS, 0, 0
;__Lib_MathDouble.c,696 :: 		
0x04BC	0x3200      	RRCF        R0, 1, 0
;__Lib_MathDouble.c,697 :: 		
0x04BE	0x3208      	RRCF        R8, 1, 0
;__Lib_MathDouble.c,698 :: 		
0x04C0	0x4E07      	DCFSNZ      R7, 1, 0
;__Lib_MathDouble.c,699 :: 		
0x04C2	0xF002EFC5  	GOTO        BLIGNED32
;__Lib_MathDouble.c,700 :: 		
0x04C6	0x90D8      	BCF         STATUS, 0, 0
;__Lib_MathDouble.c,701 :: 		
0x04C8	0x3200      	RRCF        R0, 1, 0
;__Lib_MathDouble.c,702 :: 		
0x04CA	0x3208      	RRCF        R8, 1, 0
;__Lib_MathDouble.c,703 :: 		
0x04CC	0xF002EFC5  	GOTO        BLIGNED32
;__Lib_MathDouble.c,705 :: 		
BNIB32A:
;__Lib_MathDouble.c,706 :: 		
0x04D0	0x0E03      	MOVLW       3
;__Lib_MathDouble.c,707 :: 		
0x04D2	0x6407      	CPFSGT      R7, 0
;__Lib_MathDouble.c,708 :: 		
0x04D4	0xF002EF7F  	GOTO        BLOOP32A
;__Lib_MathDouble.c,709 :: 		
0x04D8	0x5E07      	SUBWF       R7, 1, 0
;__Lib_MathDouble.c,710 :: 		
0x04DA	0x3808      	SWAPF       R8, 0, 0
;__Lib_MathDouble.c,711 :: 		
0x04DC	0x0B0F      	ANDLW       15
;__Lib_MathDouble.c,712 :: 		
0x04DE	0x6E08      	MOVWF       R8, 0
;__Lib_MathDouble.c,713 :: 		
0x04E0	0x3800      	SWAPF       R0, 0, 0
;__Lib_MathDouble.c,714 :: 		
0x04E2	0x0BF0      	ANDLW       240
;__Lib_MathDouble.c,715 :: 		
0x04E4	0x2608      	ADDWF       R8, 1, 0
;__Lib_MathDouble.c,716 :: 		
0x04E6	0x3800      	SWAPF       R0, 0, 0
;__Lib_MathDouble.c,717 :: 		
0x04E8	0x0B0F      	ANDLW       15
;__Lib_MathDouble.c,718 :: 		
0x04EA	0x6E00      	MOVWF       R0, 0
;__Lib_MathDouble.c,719 :: 		
0x04EC	0x3801      	SWAPF       R1, 0, 0
;__Lib_MathDouble.c,720 :: 		
0x04EE	0x0BF0      	ANDLW       240
;__Lib_MathDouble.c,721 :: 		
0x04F0	0x2600      	ADDWF       R0, 1, 0
;__Lib_MathDouble.c,722 :: 		
0x04F2	0x3801      	SWAPF       R1, 0, 0
;__Lib_MathDouble.c,723 :: 		
0x04F4	0x0B0F      	ANDLW       15
;__Lib_MathDouble.c,724 :: 		
0x04F6	0x6E01      	MOVWF       R1, 0
;__Lib_MathDouble.c,725 :: 		
0x04F8	0x4E07      	DCFSNZ      R7, 1, 0
;__Lib_MathDouble.c,726 :: 		
0x04FA	0xF002EFC5  	GOTO        BLIGNED32
;__Lib_MathDouble.c,728 :: 		
BLOOP32A:
;__Lib_MathDouble.c,729 :: 		
0x04FE	0x90D8      	BCF         STATUS, 0, 0
;__Lib_MathDouble.c,730 :: 		
0x0500	0x3201      	RRCF        R1, 1, 0
;__Lib_MathDouble.c,731 :: 		
0x0502	0x3200      	RRCF        R0, 1, 0
;__Lib_MathDouble.c,732 :: 		
0x0504	0x3208      	RRCF        R8, 1, 0
;__Lib_MathDouble.c,733 :: 		
0x0506	0x4E07      	DCFSNZ      R7, 1, 0
;__Lib_MathDouble.c,734 :: 		
0x0508	0xF002EFC5  	GOTO        BLIGNED32
;__Lib_MathDouble.c,735 :: 		
0x050C	0x90D8      	BCF         STATUS, 0, 0
;__Lib_MathDouble.c,736 :: 		
0x050E	0x3201      	RRCF        R1, 1, 0
;__Lib_MathDouble.c,737 :: 		
0x0510	0x3200      	RRCF        R0, 1, 0
;__Lib_MathDouble.c,738 :: 		
0x0512	0x3208      	RRCF        R8, 1, 0
;__Lib_MathDouble.c,739 :: 		
0x0514	0x4E07      	DCFSNZ      R7, 1, 0
;__Lib_MathDouble.c,740 :: 		
0x0516	0xF002EFC5  	GOTO        BLIGNED32
;__Lib_MathDouble.c,741 :: 		
0x051A	0x90D8      	BCF         STATUS, 0, 0
;__Lib_MathDouble.c,742 :: 		
0x051C	0x3201      	RRCF        R1, 1, 0
;__Lib_MathDouble.c,743 :: 		
0x051E	0x3200      	RRCF        R0, 1, 0
;__Lib_MathDouble.c,744 :: 		
0x0520	0x3208      	RRCF        R8, 1, 0
;__Lib_MathDouble.c,745 :: 		
0x0522	0xF002EFC5  	GOTO        BLIGNED32
;__Lib_MathDouble.c,747 :: 		
BNIB32:
;__Lib_MathDouble.c,748 :: 		
0x0526	0x0E03      	MOVLW       3
;__Lib_MathDouble.c,749 :: 		
0x0528	0x6407      	CPFSGT      R7, 0
;__Lib_MathDouble.c,750 :: 		
0x052A	0xF002EFB0  	GOTO        BLOOP32
;__Lib_MathDouble.c,751 :: 		
0x052E	0x5E07      	SUBWF       R7, 1, 0
;__Lib_MathDouble.c,752 :: 		
0x0530	0x3808      	SWAPF       R8, 0, 0
;__Lib_MathDouble.c,753 :: 		
0x0532	0x0B0F      	ANDLW       15
;__Lib_MathDouble.c,754 :: 		
0x0534	0x6E08      	MOVWF       R8, 0
;__Lib_MathDouble.c,755 :: 		
0x0536	0x3800      	SWAPF       R0, 0, 0
;__Lib_MathDouble.c,756 :: 		
0x0538	0x0BF0      	ANDLW       240
;__Lib_MathDouble.c,757 :: 		
0x053A	0x2608      	ADDWF       R8, 1, 0
;__Lib_MathDouble.c,758 :: 		
0x053C	0x3800      	SWAPF       R0, 0, 0
;__Lib_MathDouble.c,759 :: 		
0x053E	0x0B0F      	ANDLW       15
;__Lib_MathDouble.c,760 :: 		
0x0540	0x6E00      	MOVWF       R0, 0
;__Lib_MathDouble.c,761 :: 		
0x0542	0x3801      	SWAPF       R1, 0, 0
;__Lib_MathDouble.c,762 :: 		
0x0544	0x0BF0      	ANDLW       240
;__Lib_MathDouble.c,763 :: 		
0x0546	0x2600      	ADDWF       R0, 1, 0
;__Lib_MathDouble.c,764 :: 		
0x0548	0x3801      	SWAPF       R1, 0, 0
;__Lib_MathDouble.c,765 :: 		
0x054A	0x0B0F      	ANDLW       15
;__Lib_MathDouble.c,766 :: 		
0x054C	0x6E01      	MOVWF       R1, 0
;__Lib_MathDouble.c,767 :: 		
0x054E	0x3802      	SWAPF       R2, 0, 0
;__Lib_MathDouble.c,768 :: 		
0x0550	0x0BF0      	ANDLW       240
;__Lib_MathDouble.c,769 :: 		
0x0552	0x2601      	ADDWF       R1, 1, 0
;__Lib_MathDouble.c,770 :: 		
0x0554	0x3802      	SWAPF       R2, 0, 0
;__Lib_MathDouble.c,771 :: 		
0x0556	0x0B0F      	ANDLW       15
;__Lib_MathDouble.c,772 :: 		
0x0558	0x6E02      	MOVWF       R2, 0
;__Lib_MathDouble.c,773 :: 		
0x055A	0x4E07      	DCFSNZ      R7, 1, 0
;__Lib_MathDouble.c,774 :: 		
0x055C	0xF002EFC5  	GOTO        BLIGNED32
;__Lib_MathDouble.c,776 :: 		
BLOOP32:
;__Lib_MathDouble.c,777 :: 		
0x0560	0x90D8      	BCF         STATUS, 0, 0
;__Lib_MathDouble.c,778 :: 		
0x0562	0x3202      	RRCF        R2, 1, 0
;__Lib_MathDouble.c,779 :: 		
0x0564	0x3201      	RRCF        R1, 1, 0
;__Lib_MathDouble.c,780 :: 		
0x0566	0x3200      	RRCF        R0, 1, 0
;__Lib_MathDouble.c,781 :: 		
0x0568	0x3208      	RRCF        R8, 1, 0
;__Lib_MathDouble.c,782 :: 		
0x056A	0x4E07      	DCFSNZ      R7, 1, 0
;__Lib_MathDouble.c,783 :: 		
0x056C	0xF002EFC5  	GOTO        BLIGNED32
;__Lib_MathDouble.c,784 :: 		
0x0570	0x90D8      	BCF         STATUS, 0, 0
;__Lib_MathDouble.c,785 :: 		
0x0572	0x3202      	RRCF        R2, 1, 0
;__Lib_MathDouble.c,786 :: 		
0x0574	0x3201      	RRCF        R1, 1, 0
;__Lib_MathDouble.c,787 :: 		
0x0576	0x3200      	RRCF        R0, 1, 0
;__Lib_MathDouble.c,788 :: 		
0x0578	0x3208      	RRCF        R8, 1, 0
;__Lib_MathDouble.c,789 :: 		
0x057A	0x4E07      	DCFSNZ      R7, 1, 0
;__Lib_MathDouble.c,790 :: 		
0x057C	0xF002EFC5  	GOTO        BLIGNED32
;__Lib_MathDouble.c,791 :: 		
0x0580	0x90D8      	BCF         STATUS, 0, 0
;__Lib_MathDouble.c,792 :: 		
0x0582	0x3202      	RRCF        R2, 1, 0
;__Lib_MathDouble.c,793 :: 		
0x0584	0x3201      	RRCF        R1, 1, 0
;__Lib_MathDouble.c,794 :: 		
0x0586	0x3200      	RRCF        R0, 1, 0
;__Lib_MathDouble.c,795 :: 		
0x0588	0x3208      	RRCF        R8, 1, 0
;__Lib_MathDouble.c,797 :: 		
BLIGNED32:
;__Lib_MathDouble.c,798 :: 		
0x058A	0x6A09      	CLRF        R9, 0
;__Lib_MathDouble.c,799 :: 		
0x058C	0x0E00      	MOVLW       0
;__Lib_MathDouble.c,800 :: 		
0x058E	0xAE0E      	BTFSS       R14, 7, 0
;__Lib_MathDouble.c,801 :: 		
0x0590	0xF003EFB9  	GOTO        AOK32
;__Lib_MathDouble.c,802 :: 		
0x0594	0x1E08      	COMF        R8, 1, 0
;__Lib_MathDouble.c,803 :: 		
0x0596	0x1E00      	COMF        R0, 1, 0
;__Lib_MathDouble.c,804 :: 		
0x0598	0x1E01      	COMF        R1, 1, 0
;__Lib_MathDouble.c,805 :: 		
0x059A	0x1E02      	COMF        R2, 1, 0
;__Lib_MathDouble.c,806 :: 		
0x059C	0x2A08      	INCF        R8, 1, 0
;__Lib_MathDouble.c,807 :: 		
0x059E	0x2200      	ADDWFC      R0, 1, 0
;__Lib_MathDouble.c,808 :: 		
0x05A0	0x2201      	ADDWFC      R1, 1, 0
;__Lib_MathDouble.c,809 :: 		
0x05A2	0x2202      	ADDWFC      R2, 1, 0
;__Lib_MathDouble.c,810 :: 		
0x05A4	0xF003EFB9  	GOTO        AOK32
;__Lib_MathDouble.c,812 :: 		
USEA32:
;__Lib_MathDouble.c,813 :: 		
0x05A8	0x5007      	MOVF        R7, 0, 0
;__Lib_MathDouble.c,814 :: 		
0x05AA	0xA4D8      	BTFSS       STATUS, 2, 0
;__Lib_MathDouble.c,815 :: 		
0x05AC	0xF002EFDA  	GOTO        BNE032
;__Lib_MathDouble.c,816 :: 		
0x05B0	0xF003EFEE  	GOTO        ADDEOK
;__Lib_MathDouble.c,818 :: 		
BNE032:
;__Lib_MathDouble.c,819 :: 		
0x05B4	0x6A09      	CLRF        R9, 0
;__Lib_MathDouble.c,820 :: 		
0x05B6	0xF00AC002  	MOVFF       R2, R10
;__Lib_MathDouble.c,821 :: 		
0x05BA	0x8E02      	BSF         R2, 7, 0
;__Lib_MathDouble.c,822 :: 		
0x05BC	0x8E06      	BSF         R6, 7, 0
;__Lib_MathDouble.c,824 :: 		
0x05BE	0x5007      	MOVF        R7, 0, 0
;__Lib_MathDouble.c,825 :: 		
0x05C0	0x5C03      	SUBWF       R3, 0, 0
;__Lib_MathDouble.c,826 :: 		
0x05C2	0x6E07      	MOVWF       R7, 0
;__Lib_MathDouble.c,827 :: 		
0x05C4	0xB4D8      	BTFSC       STATUS, 2, 0
;__Lib_MathDouble.c,828 :: 		
0x05C6	0xF003EFAC  	GOTO        ALIGNED32
;__Lib_MathDouble.c,830 :: 		
0x05CA	0x0E07      	MOVLW       7
;__Lib_MathDouble.c,831 :: 		
0x05CC	0x6407      	CPFSGT      R7, 0
;__Lib_MathDouble.c,832 :: 		
0x05CE	0xF003EF7A  	GOTO        ANIB32
;__Lib_MathDouble.c,833 :: 		
0x05D2	0x5E07      	SUBWF       R7, 1, 0
;__Lib_MathDouble.c,834 :: 		
0x05D4	0x5004      	MOVF        R4, 0, 0
;__Lib_MathDouble.c,835 :: 		
0x05D6	0x6E09      	MOVWF       R9, 0
;__Lib_MathDouble.c,836 :: 		
0x05D8	0x5005      	MOVF        R5, 0, 0
;__Lib_MathDouble.c,837 :: 		
0x05DA	0x6E04      	MOVWF       R4, 0
;__Lib_MathDouble.c,838 :: 		
0x05DC	0x5006      	MOVF        R6, 0, 0
;__Lib_MathDouble.c,839 :: 		
0x05DE	0x6E05      	MOVWF       R5, 0
;__Lib_MathDouble.c,840 :: 		
0x05E0	0x6A06      	CLRF        R6, 0
;__Lib_MathDouble.c,841 :: 		
0x05E2	0x4E07      	DCFSNZ      R7, 1, 0
;__Lib_MathDouble.c,842 :: 		
0x05E4	0xF003EFAC  	GOTO        ALIGNED32
;__Lib_MathDouble.c,844 :: 		
0x05E8	0x0E07      	MOVLW       7
;__Lib_MathDouble.c,845 :: 		
0x05EA	0x6407      	CPFSGT      R7, 0
;__Lib_MathDouble.c,846 :: 		
0x05EC	0xF003EF4F  	GOTO        ANIB32A
;__Lib_MathDouble.c,847 :: 		
0x05F0	0x5E07      	SUBWF       R7, 1, 0
;__Lib_MathDouble.c,848 :: 		
0x05F2	0x5004      	MOVF        R4, 0, 0
;__Lib_MathDouble.c,849 :: 		
0x05F4	0x6E09      	MOVWF       R9, 0
;__Lib_MathDouble.c,850 :: 		
0x05F6	0x5005      	MOVF        R5, 0, 0
;__Lib_MathDouble.c,851 :: 		
0x05F8	0x6E04      	MOVWF       R4, 0
;__Lib_MathDouble.c,852 :: 		
0x05FA	0x6A05      	CLRF        R5, 0
;__Lib_MathDouble.c,853 :: 		
0x05FC	0x4E07      	DCFSNZ      R7, 1, 0
;__Lib_MathDouble.c,854 :: 		
0x05FE	0xF003EFAC  	GOTO        ALIGNED32
;__Lib_MathDouble.c,856 :: 		
0x0602	0x0E07      	MOVLW       7
;__Lib_MathDouble.c,857 :: 		
0x0604	0x6407      	CPFSGT      R7, 0
;__Lib_MathDouble.c,858 :: 		
0x0606	0xF003EF2D  	GOTO        ANIB32B
;__Lib_MathDouble.c,859 :: 		
0x060A	0x5E07      	SUBWF       R7, 1, 0
;__Lib_MathDouble.c,860 :: 		
0x060C	0x5004      	MOVF        R4, 0, 0
;__Lib_MathDouble.c,861 :: 		
0x060E	0x6E09      	MOVWF       R9, 0
;__Lib_MathDouble.c,862 :: 		
0x0610	0x6A04      	CLRF        R4, 0
;__Lib_MathDouble.c,863 :: 		
0x0612	0x4E07      	DCFSNZ      R7, 1, 0
;__Lib_MathDouble.c,864 :: 		
0x0614	0xF003EFAC  	GOTO        ALIGNED32
;__Lib_MathDouble.c,866 :: 		
0x0618	0x0E07      	MOVLW       7
;__Lib_MathDouble.c,867 :: 		
0x061A	0x6407      	CPFSGT      R7, 0
;__Lib_MathDouble.c,868 :: 		
0x061C	0xF003EF14  	GOTO        ANIB32C
;__Lib_MathDouble.c,870 :: 		
0x0620	0xF002C00A  	MOVFF       R10, R2
;__Lib_MathDouble.c,871 :: 		
0x0624	0xF003EFEE  	GOTO        ADDEOK
;__Lib_MathDouble.c,873 :: 		
ANIB32C:
;__Lib_MathDouble.c,874 :: 		
0x0628	0x0E03      	MOVLW       3
;__Lib_MathDouble.c,875 :: 		
0x062A	0x6407      	CPFSGT      R7, 0
;__Lib_MathDouble.c,876 :: 		
0x062C	0xF003EF1F  	GOTO        ALOOP32C
;__Lib_MathDouble.c,877 :: 		
0x0630	0x5E07      	SUBWF       R7, 1, 0
;__Lib_MathDouble.c,878 :: 		
0x0632	0x3809      	SWAPF       R9, 0, 0
;__Lib_MathDouble.c,879 :: 		
0x0634	0x0B0F      	ANDLW       15
;__Lib_MathDouble.c,880 :: 		
0x0636	0x6E09      	MOVWF       R9, 0
;__Lib_MathDouble.c,881 :: 		
0x0638	0x4E07      	DCFSNZ      R7, 1, 0
;__Lib_MathDouble.c,882 :: 		
0x063A	0xF003EFAC  	GOTO        ALIGNED32
;__Lib_MathDouble.c,884 :: 		
ALOOP32C:
;__Lib_MathDouble.c,885 :: 		
0x063E	0x90D8      	BCF         STATUS, 0, 0
;__Lib_MathDouble.c,886 :: 		
0x0640	0x3209      	RRCF        R9, 1, 0
;__Lib_MathDouble.c,887 :: 		
0x0642	0x4E07      	DCFSNZ      R7, 1, 0
;__Lib_MathDouble.c,888 :: 		
0x0644	0xF003EFAC  	GOTO        ALIGNED32
;__Lib_MathDouble.c,889 :: 		
0x0648	0x90D8      	BCF         STATUS, 0, 0
;__Lib_MathDouble.c,890 :: 		
0x064A	0x3209      	RRCF        R9, 1, 0
;__Lib_MathDouble.c,891 :: 		
0x064C	0x4E07      	DCFSNZ      R7, 1, 0
;__Lib_MathDouble.c,892 :: 		
0x064E	0xF003EFAC  	GOTO        ALIGNED32
;__Lib_MathDouble.c,893 :: 		
0x0652	0x90D8      	BCF         STATUS, 0, 0
;__Lib_MathDouble.c,894 :: 		
0x0654	0x3209      	RRCF        R9, 1, 0
;__Lib_MathDouble.c,895 :: 		
0x0656	0xF003EFAC  	GOTO        ALIGNED32
;__Lib_MathDouble.c,897 :: 		
ANIB32B:
;__Lib_MathDouble.c,898 :: 		
0x065A	0x0E03      	MOVLW       3
;__Lib_MathDouble.c,899 :: 		
0x065C	0x6407      	CPFSGT      R7, 0
;__Lib_MathDouble.c,900 :: 		
0x065E	0xF003EF3E  	GOTO        ALOOP32B
;__Lib_MathDouble.c,901 :: 		
0x0662	0x5E07      	SUBWF       R7, 1, 0
;__Lib_MathDouble.c,902 :: 		
0x0664	0x3809      	SWAPF       R9, 0, 0
;__Lib_MathDouble.c,903 :: 		
0x0666	0x0B0F      	ANDLW       15
;__Lib_MathDouble.c,904 :: 		
0x0668	0x6E09      	MOVWF       R9, 0
;__Lib_MathDouble.c,905 :: 		
0x066A	0x3804      	SWAPF       R4, 0, 0
;__Lib_MathDouble.c,906 :: 		
0x066C	0x0BF0      	ANDLW       240
;__Lib_MathDouble.c,907 :: 		
0x066E	0x2609      	ADDWF       R9, 1, 0
;__Lib_MathDouble.c,908 :: 		
0x0670	0x3804      	SWAPF       R4, 0, 0
;__Lib_MathDouble.c,909 :: 		
0x0672	0x0B0F      	ANDLW       15
;__Lib_MathDouble.c,910 :: 		
0x0674	0x6E04      	MOVWF       R4, 0
;__Lib_MathDouble.c,911 :: 		
0x0676	0x4E07      	DCFSNZ      R7, 1, 0
;__Lib_MathDouble.c,912 :: 		
0x0678	0xF003EFAC  	GOTO        ALIGNED32
;__Lib_MathDouble.c,914 :: 		
ALOOP32B:
;__Lib_MathDouble.c,915 :: 		
0x067C	0x90D8      	BCF         STATUS, 0, 0
;__Lib_MathDouble.c,916 :: 		
0x067E	0x3204      	RRCF        R4, 1, 0
;__Lib_MathDouble.c,917 :: 		
0x0680	0x3209      	RRCF        R9, 1, 0
;__Lib_MathDouble.c,918 :: 		
0x0682	0x4E07      	DCFSNZ      R7, 1, 0
;__Lib_MathDouble.c,919 :: 		
0x0684	0xF003EFAC  	GOTO        ALIGNED32
;__Lib_MathDouble.c,920 :: 		
0x0688	0x90D8      	BCF         STATUS, 0, 0
;__Lib_MathDouble.c,921 :: 		
0x068A	0x3204      	RRCF        R4, 1, 0
;__Lib_MathDouble.c,922 :: 		
0x068C	0x3209      	RRCF        R9, 1, 0
;__Lib_MathDouble.c,923 :: 		
0x068E	0x4E07      	DCFSNZ      R7, 1, 0
;__Lib_MathDouble.c,924 :: 		
0x0690	0xF003EFAC  	GOTO        ALIGNED32
;__Lib_MathDouble.c,925 :: 		
0x0694	0x90D8      	BCF         STATUS, 0, 0
;__Lib_MathDouble.c,926 :: 		
0x0696	0x3204      	RRCF        R4, 1, 0
;__Lib_MathDouble.c,927 :: 		
0x0698	0x3209      	RRCF        R9, 1, 0
;__Lib_MathDouble.c,928 :: 		
0x069A	0xF003EFAC  	GOTO        ALIGNED32
;__Lib_MathDouble.c,930 :: 		
ANIB32A:
;__Lib_MathDouble.c,931 :: 		
0x069E	0x0E03      	MOVLW       3
;__Lib_MathDouble.c,932 :: 		
0x06A0	0x6407      	CPFSGT      R7, 0
;__Lib_MathDouble.c,933 :: 		
0x06A2	0xF003EF66  	GOTO        ALOOP32A
;__Lib_MathDouble.c,934 :: 		
0x06A6	0x5E07      	SUBWF       R7, 1, 0
;__Lib_MathDouble.c,935 :: 		
0x06A8	0x3809      	SWAPF       R9, 0, 0
;__Lib_MathDouble.c,936 :: 		
0x06AA	0x0B0F      	ANDLW       15
;__Lib_MathDouble.c,937 :: 		
0x06AC	0x6E09      	MOVWF       R9, 0
;__Lib_MathDouble.c,938 :: 		
0x06AE	0x3804      	SWAPF       R4, 0, 0
;__Lib_MathDouble.c,939 :: 		
0x06B0	0x0BF0      	ANDLW       240
;__Lib_MathDouble.c,940 :: 		
0x06B2	0x2609      	ADDWF       R9, 1, 0
;__Lib_MathDouble.c,941 :: 		
0x06B4	0x3804      	SWAPF       R4, 0, 0
;__Lib_MathDouble.c,942 :: 		
0x06B6	0x0B0F      	ANDLW       15
;__Lib_MathDouble.c,943 :: 		
0x06B8	0x6E04      	MOVWF       R4, 0
;__Lib_MathDouble.c,944 :: 		
0x06BA	0x3805      	SWAPF       R5, 0, 0
;__Lib_MathDouble.c,945 :: 		
0x06BC	0x0BF0      	ANDLW       240
;__Lib_MathDouble.c,946 :: 		
0x06BE	0x2604      	ADDWF       R4, 1, 0
;__Lib_MathDouble.c,947 :: 		
0x06C0	0x3805      	SWAPF       R5, 0, 0
;__Lib_MathDouble.c,948 :: 		
0x06C2	0x0B0F      	ANDLW       15
;__Lib_MathDouble.c,949 :: 		
0x06C4	0x6E05      	MOVWF       R5, 0
;__Lib_MathDouble.c,950 :: 		
0x06C6	0x4E07      	DCFSNZ      R7, 1, 0
;__Lib_MathDouble.c,951 :: 		
0x06C8	0xF003EFAC  	GOTO        ALIGNED32
;__Lib_MathDouble.c,953 :: 		
ALOOP32A:
;__Lib_MathDouble.c,954 :: 		
0x06CC	0x90D8      	BCF         STATUS, 0, 0
;__Lib_MathDouble.c,955 :: 		
0x06CE	0x3205      	RRCF        R5, 1, 0
;__Lib_MathDouble.c,956 :: 		
0x06D0	0x3204      	RRCF        R4, 1, 0
;__Lib_MathDouble.c,957 :: 		
0x06D2	0x3209      	RRCF        R9, 1, 0
;__Lib_MathDouble.c,958 :: 		
0x06D4	0x4E07      	DCFSNZ      R7, 1, 0
;__Lib_MathDouble.c,959 :: 		
0x06D6	0xF003EFAC  	GOTO        ALIGNED32
;__Lib_MathDouble.c,960 :: 		
0x06DA	0x90D8      	BCF         STATUS, 0, 0
;__Lib_MathDouble.c,961 :: 		
0x06DC	0x3205      	RRCF        R5, 1, 0
;__Lib_MathDouble.c,962 :: 		
0x06DE	0x3204      	RRCF        R4, 1, 0
;__Lib_MathDouble.c,963 :: 		
0x06E0	0x3209      	RRCF        R9, 1, 0
;__Lib_MathDouble.c,964 :: 		
0x06E2	0x4E07      	DCFSNZ      R7, 1, 0
;__Lib_MathDouble.c,965 :: 		
0x06E4	0xF003EFAC  	GOTO        ALIGNED32
;__Lib_MathDouble.c,966 :: 		
0x06E8	0x90D8      	BCF         STATUS, 0, 0
;__Lib_MathDouble.c,967 :: 		
0x06EA	0x3205      	RRCF        R5, 1, 0
;__Lib_MathDouble.c,968 :: 		
0x06EC	0x3204      	RRCF        R4, 1, 0
;__Lib_MathDouble.c,969 :: 		
0x06EE	0x3209      	RRCF        R9, 1, 0
;__Lib_MathDouble.c,970 :: 		
0x06F0	0xF003EFAC  	GOTO        ALIGNED32
;__Lib_MathDouble.c,972 :: 		
ANIB32:
;__Lib_MathDouble.c,973 :: 		
0x06F4	0x0E03      	MOVLW       3
;__Lib_MathDouble.c,974 :: 		
0x06F6	0x6407      	CPFSGT      R7, 0
;__Lib_MathDouble.c,975 :: 		
0x06F8	0xF003EF97  	GOTO        ALOOP32
;__Lib_MathDouble.c,976 :: 		
0x06FC	0x5E07      	SUBWF       R7, 1, 0
;__Lib_MathDouble.c,977 :: 		
0x06FE	0x3809      	SWAPF       R9, 0, 0
;__Lib_MathDouble.c,978 :: 		
0x0700	0x0B0F      	ANDLW       15
;__Lib_MathDouble.c,979 :: 		
0x0702	0x6E09      	MOVWF       R9, 0
;__Lib_MathDouble.c,980 :: 		
0x0704	0x3804      	SWAPF       R4, 0, 0
;__Lib_MathDouble.c,981 :: 		
0x0706	0x0BF0      	ANDLW       240
;__Lib_MathDouble.c,982 :: 		
0x0708	0x2609      	ADDWF       R9, 1, 0
;__Lib_MathDouble.c,983 :: 		
0x070A	0x3804      	SWAPF       R4, 0, 0
;__Lib_MathDouble.c,984 :: 		
0x070C	0x0B0F      	ANDLW       15
;__Lib_MathDouble.c,985 :: 		
0x070E	0x6E04      	MOVWF       R4, 0
;__Lib_MathDouble.c,986 :: 		
0x0710	0x3805      	SWAPF       R5, 0, 0
;__Lib_MathDouble.c,987 :: 		
0x0712	0x0BF0      	ANDLW       240
;__Lib_MathDouble.c,988 :: 		
0x0714	0x2604      	ADDWF       R4, 1, 0
;__Lib_MathDouble.c,989 :: 		
0x0716	0x3805      	SWAPF       R5, 0, 0
;__Lib_MathDouble.c,990 :: 		
0x0718	0x0B0F      	ANDLW       15
;__Lib_MathDouble.c,991 :: 		
0x071A	0x6E05      	MOVWF       R5, 0
;__Lib_MathDouble.c,992 :: 		
0x071C	0x3806      	SWAPF       R6, 0, 0
;__Lib_MathDouble.c,993 :: 		
0x071E	0x0BF0      	ANDLW       240
;__Lib_MathDouble.c,994 :: 		
0x0720	0x2605      	ADDWF       R5, 1, 0
;__Lib_MathDouble.c,995 :: 		
0x0722	0x3806      	SWAPF       R6, 0, 0
;__Lib_MathDouble.c,996 :: 		
0x0724	0x0B0F      	ANDLW       15
;__Lib_MathDouble.c,997 :: 		
0x0726	0x6E06      	MOVWF       R6, 0
;__Lib_MathDouble.c,998 :: 		
0x0728	0x4E07      	DCFSNZ      R7, 1, 0
;__Lib_MathDouble.c,999 :: 		
0x072A	0xF003EFAC  	GOTO        ALIGNED32
;__Lib_MathDouble.c,1001 :: 		
ALOOP32:
;__Lib_MathDouble.c,1002 :: 		
0x072E	0x90D8      	BCF         STATUS, 0, 0
;__Lib_MathDouble.c,1003 :: 		
0x0730	0x3206      	RRCF        R6, 1, 0
;__Lib_MathDouble.c,1004 :: 		
0x0732	0x3205      	RRCF        R5, 1, 0
;__Lib_MathDouble.c,1005 :: 		
0x0734	0x3204      	RRCF        R4, 1, 0
;__Lib_MathDouble.c,1006 :: 		
0x0736	0x3209      	RRCF        R9, 1, 0
;__Lib_MathDouble.c,1007 :: 		
0x0738	0x4E07      	DCFSNZ      R7, 1, 0
;__Lib_MathDouble.c,1008 :: 		
0x073A	0xF003EFAC  	GOTO        ALIGNED32
;__Lib_MathDouble.c,1009 :: 		
0x073E	0x90D8      	BCF         STATUS, 0, 0
;__Lib_MathDouble.c,1010 :: 		
0x0740	0x3206      	RRCF        R6, 1, 0
;__Lib_MathDouble.c,1011 :: 		
0x0742	0x3205      	RRCF        R5, 1, 0
;__Lib_MathDouble.c,1012 :: 		
0x0744	0x3204      	RRCF        R4, 1, 0
;__Lib_MathDouble.c,1013 :: 		
0x0746	0x3209      	RRCF        R9, 1, 0
;__Lib_MathDouble.c,1014 :: 		
0x0748	0x4E07      	DCFSNZ      R7, 1, 0
;__Lib_MathDouble.c,1015 :: 		
0x074A	0xF003EFAC  	GOTO        ALIGNED32
;__Lib_MathDouble.c,1016 :: 		
0x074E	0x90D8      	BCF         STATUS, 0, 0
;__Lib_MathDouble.c,1017 :: 		
0x0750	0x3206      	RRCF        R6, 1, 0
;__Lib_MathDouble.c,1018 :: 		
0x0752	0x3205      	RRCF        R5, 1, 0
;__Lib_MathDouble.c,1019 :: 		
0x0754	0x3204      	RRCF        R4, 1, 0
;__Lib_MathDouble.c,1020 :: 		
0x0756	0x3209      	RRCF        R9, 1, 0
;__Lib_MathDouble.c,1022 :: 		
ALIGNED32:
;__Lib_MathDouble.c,1023 :: 		
0x0758	0x6A08      	CLRF        R8, 0
;__Lib_MathDouble.c,1024 :: 		
0x075A	0x0E00      	MOVLW       0
;__Lib_MathDouble.c,1025 :: 		
0x075C	0xAE0E      	BTFSS       R14, 7, 0
;__Lib_MathDouble.c,1026 :: 		
0x075E	0xF003EFB9  	GOTO        AOK32
;__Lib_MathDouble.c,1027 :: 		
0x0762	0x1E09      	COMF        R9, 1, 0
;__Lib_MathDouble.c,1028 :: 		
0x0764	0x1E04      	COMF        R4, 1, 0
;__Lib_MathDouble.c,1029 :: 		
0x0766	0x1E05      	COMF        R5, 1, 0
;__Lib_MathDouble.c,1030 :: 		
0x0768	0x1E06      	COMF        R6, 1, 0
;__Lib_MathDouble.c,1031 :: 		
0x076A	0x2A09      	INCF        R9, 1, 0
;__Lib_MathDouble.c,1032 :: 		
0x076C	0x2204      	ADDWFC      R4, 1, 0
;__Lib_MathDouble.c,1033 :: 		
0x076E	0x2205      	ADDWFC      R5, 1, 0
;__Lib_MathDouble.c,1034 :: 		
0x0770	0x2206      	ADDWFC      R6, 1, 0
;__Lib_MathDouble.c,1036 :: 		
AOK32:
;__Lib_MathDouble.c,1037 :: 		
0x0772	0x5009      	MOVF        R9, 0, 0
;__Lib_MathDouble.c,1038 :: 		
0x0774	0x2608      	ADDWF       R8, 1, 0
;__Lib_MathDouble.c,1039 :: 		
0x0776	0x5004      	MOVF        R4, 0, 0
;__Lib_MathDouble.c,1040 :: 		
0x0778	0x2200      	ADDWFC      R0, 1, 0
;__Lib_MathDouble.c,1041 :: 		
0x077A	0x5005      	MOVF        R5, 0, 0
;__Lib_MathDouble.c,1042 :: 		
0x077C	0x2201      	ADDWFC      R1, 1, 0
;__Lib_MathDouble.c,1043 :: 		
0x077E	0x5006      	MOVF        R6, 0, 0
;__Lib_MathDouble.c,1044 :: 		
0x0780	0x2202      	ADDWFC      R2, 1, 0
;__Lib_MathDouble.c,1046 :: 		
0x0782	0xBE0E      	BTFSC       R14, 7, 0
;__Lib_MathDouble.c,1047 :: 		
0x0784	0xF003EFD0  	GOTO        ACOMP32
;__Lib_MathDouble.c,1048 :: 		
0x0788	0xA0D8      	BTFSS       STATUS, 0, 0
;__Lib_MathDouble.c,1049 :: 		
0x078A	0xF003EFDF  	GOTO        ADDJPNRMRND4032
;__Lib_MathDouble.c,1051 :: 		
0x078E	0x3202      	RRCF        R2, 1, 0
;__Lib_MathDouble.c,1052 :: 		
0x0790	0x3201      	RRCF        R1, 1, 0
;__Lib_MathDouble.c,1053 :: 		
0x0792	0x3200      	RRCF        R0, 1, 0
;__Lib_MathDouble.c,1054 :: 		
0x0794	0x3208      	RRCF        R8, 1, 0
;__Lib_MathDouble.c,1055 :: 		
0x0796	0x3E03      	INCFSZ      R3, 1, 0
;__Lib_MathDouble.c,1056 :: 		
0x0798	0xF003EFDF  	GOTO        ADDJPNRMRND4032
;__Lib_MathDouble.c,1057 :: 		
0x079C	0xF003EFE9  	GOTO        ADDJPSETFOV32
;__Lib_MathDouble.c,1059 :: 		
ACOMP32:
;__Lib_MathDouble.c,1060 :: 		
0x07A0	0xB0D8      	BTFSC       STATUS, 0, 0
;__Lib_MathDouble.c,1061 :: 		
0x07A2	0xF003EFE4  	GOTO        ADDJPNRM4032
;__Lib_MathDouble.c,1062 :: 		
0x07A6	0x0E00      	MOVLW       0
;__Lib_MathDouble.c,1063 :: 		
0x07A8	0x1E08      	COMF        R8, 1, 0
;__Lib_MathDouble.c,1064 :: 		
0x07AA	0x1E00      	COMF        R0, 1, 0
;__Lib_MathDouble.c,1065 :: 		
0x07AC	0x1E01      	COMF        R1, 1, 0
;__Lib_MathDouble.c,1066 :: 		
0x07AE	0x1E02      	COMF        R2, 1, 0
;__Lib_MathDouble.c,1067 :: 		
0x07B0	0x2A08      	INCF        R8, 1, 0
;__Lib_MathDouble.c,1068 :: 		
0x07B2	0x2200      	ADDWFC      R0, 1, 0
;__Lib_MathDouble.c,1069 :: 		
0x07B4	0x2201      	ADDWFC      R1, 1, 0
;__Lib_MathDouble.c,1070 :: 		
0x07B6	0x2202      	ADDWFC      R2, 1, 0
;__Lib_MathDouble.c,1071 :: 		
0x07B8	0x7E0A      	BTG         R10, 7, 0
;__Lib_MathDouble.c,1072 :: 		
0x07BA	0xF003EFE4  	GOTO        ADDJPNRM4032
;__Lib_MathDouble.c,1074 :: 		
ADDJPNRMRND4032:
;__Lib_MathDouble.c,1075 :: 		
0x07BE	0x0E01      	MOVLW       1
;__Lib_MathDouble.c,1076 :: 		
0x07C0	0x6E0C      	MOVWF       R12, 0
;__Lib_MathDouble.c,1078 :: 		
0x07C2	0xDC54      	RCALL       _NRM4032
;__Lib_MathDouble.c,1080 :: 		
0x07C4	0xF003EFF0  	GOTO        ADDEEE
;__Lib_MathDouble.c,1081 :: 		
ADDJPNRM4032:
;__Lib_MathDouble.c,1082 :: 		
0x07C8	0x0E02      	MOVLW       2
;__Lib_MathDouble.c,1083 :: 		
0x07CA	0x6E0C      	MOVWF       R12, 0
;__Lib_MathDouble.c,1085 :: 		
0x07CC	0xDC4F      	RCALL       _NRM4032
;__Lib_MathDouble.c,1087 :: 		
0x07CE	0xF003EFF0  	GOTO        ADDEEE
;__Lib_MathDouble.c,1088 :: 		
ADDJPSETFOV32:
;__Lib_MathDouble.c,1089 :: 		
0x07D2	0x0E04      	MOVLW       4
;__Lib_MathDouble.c,1090 :: 		
0x07D4	0x6E0C      	MOVWF       R12, 0
;__Lib_MathDouble.c,1092 :: 		
0x07D6	0xDC33      	RCALL       _SETFOV32
;__Lib_MathDouble.c,1094 :: 		
0x07D8	0xF003EFF0  	GOTO        ADDEEE
;__Lib_MathDouble.c,1095 :: 		
ADDEOK:
;__Lib_MathDouble.c,1096 :: 		
0x07DC	0x0E00      	MOVLW       0
;__Lib_MathDouble.c,1097 :: 		
0x07DE	0x6E0C      	MOVWF       R12, 0
;__Lib_MathDouble.c,1098 :: 		
ADDEEE:
;__Lib_MathDouble.c,1105 :: 		
L_end_Add_32x32_FP:
0x07E0	0x0012      	RETURN      0
; end of _Add_32x32_FP
_NRM3232:
;__Lib_MathDouble.c,455 :: 		
;__Lib_MathDouble.c,463 :: 		
0x07E2	0x6A0C      	CLRF        R12, 0
;__Lib_MathDouble.c,464 :: 		
0x07E4	0x6A0E      	CLRF        R14, 0
;__Lib_MathDouble.c,465 :: 		
0x07E6	0x5002      	MOVF        R2, 0, 0
;__Lib_MathDouble.c,466 :: 		
0x07E8	0xA4D8      	BTFSS       STATUS, 2, 0
;__Lib_MathDouble.c,467 :: 		
0x07EA	0xF004EF0A  	GOTO        NORM3232
;__Lib_MathDouble.c,468 :: 		
0x07EE	0xF002C001  	MOVFF       R1, R2
;__Lib_MathDouble.c,469 :: 		
0x07F2	0xF001C000  	MOVFF       R0, R1
;__Lib_MathDouble.c,470 :: 		
0x07F6	0x6A00      	CLRF        R0, 0
;__Lib_MathDouble.c,471 :: 		
0x07F8	0x860E      	BSF         R14, 3, 0
;__Lib_MathDouble.c,473 :: 		
0x07FA	0x5002      	MOVF        R2, 0, 0
;__Lib_MathDouble.c,474 :: 		
0x07FC	0xA4D8      	BTFSS       STATUS, 2, 0
;__Lib_MathDouble.c,475 :: 		
0x07FE	0xF004EF0A  	GOTO        NORM3232
;__Lib_MathDouble.c,476 :: 		
0x0802	0xF002C001  	MOVFF       R1, R2
;__Lib_MathDouble.c,477 :: 		
0x0806	0x6A01      	CLRF        R1, 0
;__Lib_MathDouble.c,478 :: 		
0x0808	0x960E      	BCF         R14, 3, 0
;__Lib_MathDouble.c,479 :: 		
0x080A	0x880E      	BSF         R14, 4, 0
;__Lib_MathDouble.c,481 :: 		
0x080C	0x5002      	MOVF        R2, 0, 0
;__Lib_MathDouble.c,482 :: 		
0x080E	0xB4D8      	BTFSC       STATUS, 2, 0
;__Lib_MathDouble.c,483 :: 		
0x0810	0xF004EF1C  	GOTO        JPNRES032
;__Lib_MathDouble.c,484 :: 		
NORM3232:
;__Lib_MathDouble.c,485 :: 		
0x0814	0x500E      	MOVF        R14, 0, 0
;__Lib_MathDouble.c,486 :: 		
0x0816	0x5E03      	SUBWF       R3, 1, 0
;__Lib_MathDouble.c,487 :: 		
0x0818	0xA4D8      	BTFSS       STATUS, 2, 0
;__Lib_MathDouble.c,488 :: 		
0x081A	0xA0D8      	BTFSS       STATUS, 0, 0
;__Lib_MathDouble.c,489 :: 		
0x081C	0xF004EF21  	GOTO        JPNSETFUN32
;__Lib_MathDouble.c,490 :: 		
0x0820	0x90D8      	BCF         STATUS, 0, 0
;__Lib_MathDouble.c,491 :: 		
NORM3232A:
;__Lib_MathDouble.c,492 :: 		
0x0822	0xBE02      	BTFSC       R2, 7, 0
;__Lib_MathDouble.c,493 :: 		
0x0824	0xF004EF27  	GOTO        JMPNFIXSIGN32
;__Lib_MathDouble.c,494 :: 		
0x0828	0x3600      	RLCF        R0, 1, 0
;__Lib_MathDouble.c,495 :: 		
0x082A	0x3601      	RLCF        R1, 1, 0
;__Lib_MathDouble.c,496 :: 		
0x082C	0x3602      	RLCF        R2, 1, 0
;__Lib_MathDouble.c,497 :: 		
0x082E	0x2E03      	DECFSZ      R3, 1, 0
;__Lib_MathDouble.c,498 :: 		
0x0830	0xF004EF11  	GOTO        NORM3232A
;__Lib_MathDouble.c,499 :: 		
0x0834	0xF004EF21  	GOTO        JPNSETFUN32
;__Lib_MathDouble.c,500 :: 		
JPNRES032:
;__Lib_MathDouble.c,501 :: 		
0x0838	0x0E01      	MOVLW       1
;__Lib_MathDouble.c,502 :: 		
0x083A	0x6E0C      	MOVWF       R12, 0
;__Lib_MathDouble.c,504 :: 		
0x083C	0xDC0C      	RCALL       _RES032
;__Lib_MathDouble.c,506 :: 		
0x083E	0xF004EF2B  	GOTO        NORM32EEE
;__Lib_MathDouble.c,507 :: 		
JPNSETFUN32:
;__Lib_MathDouble.c,508 :: 		
0x0842	0x0E02      	MOVLW       2
;__Lib_MathDouble.c,509 :: 		
0x0844	0x6E0C      	MOVWF       R12, 0
;__Lib_MathDouble.c,511 :: 		
0x0846	0xF000EC12  	CALL        _SETFUN32, 0
;__Lib_MathDouble.c,513 :: 		
0x084A	0xF004EF2B  	GOTO        NORM32EEE
;__Lib_MathDouble.c,514 :: 		
JMPNFIXSIGN32:
;__Lib_MathDouble.c,515 :: 		
0x084E	0x0E04      	MOVLW       4
;__Lib_MathDouble.c,516 :: 		
0x0850	0x6E0C      	MOVWF       R12, 0
;__Lib_MathDouble.c,518 :: 		
0x0852	0xF000EC0E  	CALL        _FIXSIGN32, 0
;__Lib_MathDouble.c,520 :: 		
NORM32EEE:
;__Lib_MathDouble.c,527 :: 		
L_end_NRM3232:
0x0856	0x0012      	RETURN      0
; end of _NRM3232
_Config_Ports:
;conversor_ad.c,18 :: 		void Config_Ports() {
;conversor_ad.c,19 :: 		TRISA = 0xFF; //sets PORTA as all inputs, bit0 is AN0
0x0858	0x0EFF      	MOVLW       255
0x085A	0x6E92      	MOVWF       TRISA 
;conversor_ad.c,20 :: 		TRISB = 0x00; //sets PORTB as all outputs
0x085C	0x6A93      	CLRF        TRISB 
;conversor_ad.c,21 :: 		PORTB = 0x00; //sets all outputs of PORTB off to begin with
0x085E	0x6A81      	CLRF        PORTB 
;conversor_ad.c,22 :: 		}
L_end_Config_Ports:
0x0860	0x0012      	RETURN      0
; end of _Config_Ports
_Init_AD:
;conversor_ad.c,10 :: 		void Init_AD() {
;conversor_ad.c,11 :: 		ADCON0 = 0x01; //select channel AN0, enable A/D module
0x0862	0x0E01      	MOVLW       1
0x0864	0x6EC2      	MOVWF       ADCON0 
;conversor_ad.c,12 :: 		ADCON1 = 0x0E; //use VDD, VSS as reference and configure AN0 for analog
0x0866	0x0E0E      	MOVLW       14
0x0868	0x6EC1      	MOVWF       ADCON1 
;conversor_ad.c,13 :: 		ADCON2 = 0xA6; //result right justified, acquisition time = 8 TAD, FOSC/64
0x086A	0x0EA6      	MOVLW       166
0x086C	0x6EC0      	MOVWF       ADCON2 
;conversor_ad.c,14 :: 		ADRESH = 0; /* Flush ADC output Register */
0x086E	0x6AC4      	CLRF        ADRESH 
;conversor_ad.c,15 :: 		ADRESL = 0;
0x0870	0x6AC3      	CLRF        ADRESL 
;conversor_ad.c,16 :: 		}
L_end_Init_AD:
0x0872	0x0012      	RETURN      0
; end of _Init_AD
___CC2DW:
;__Lib_System.c,21 :: 		
;__Lib_System.c,23 :: 		
_CC2DL_Loop1:
;__Lib_System.c,24 :: 		
0x0874	0x0009      	TBLRD*+
;__Lib_System.c,25 :: 		
0x0876	0xFFE6CFF5  	MOVFF       TABLAT, POSTINC1
;__Lib_System.c,26 :: 		
0x087A	0x0600      	DECF        R0, 1, 0
;__Lib_System.c,27 :: 		
0x087C	0xE1FB      	BNZ         _CC2DL_Loop1
;__Lib_System.c,28 :: 		
0x087E	0x0601      	DECF        R1, 1, 0
;__Lib_System.c,29 :: 		
0x0880	0xE1F9      	BNZ         _CC2DL_Loop1
;__Lib_System.c,31 :: 		
L_end___CC2DW:
0x0882	0x0012      	RETURN      0
; end of ___CC2DW
_MXP4115_Read:
;conversor_ad.c,3 :: 		float MXP4115_Read(float valor) {
;conversor_ad.c,4 :: 		valor /= 204.8;
0x0884	0x0ECD      	MOVLW       205
0x0886	0x6E04      	MOVWF       R4 
0x0888	0x0ECC      	MOVLW       204
0x088A	0x6E05      	MOVWF       R5 
0x088C	0x0E4C      	MOVLW       76
0x088E	0x6E06      	MOVWF       R6 
0x0890	0x0E86      	MOVLW       134
0x0892	0x6E07      	MOVWF       R7 
0x0894	0xF000C019  	MOVFF       FARG_MXP4115_Read_valor, R0
0x0898	0xF001C01A  	MOVFF       FARG_MXP4115_Read_valor+1, R1
0x089C	0xF002C01B  	MOVFF       FARG_MXP4115_Read_valor+2, R2
0x08A0	0xF003C01C  	MOVFF       FARG_MXP4115_Read_valor+3, R3
0x08A4	0xDCD4      	RCALL       _Div_32x32_FP
0x08A6	0xF019C000  	MOVFF       R0, FARG_MXP4115_Read_valor
0x08AA	0xF01AC001  	MOVFF       R1, FARG_MXP4115_Read_valor+1
0x08AE	0xF01BC002  	MOVFF       R2, FARG_MXP4115_Read_valor+2
0x08B2	0xF01CC003  	MOVFF       R3, FARG_MXP4115_Read_valor+3
;conversor_ad.c,5 :: 		valor += 0.475;
0x08B6	0x0E33      	MOVLW       51
0x08B8	0x6E04      	MOVWF       R4 
0x08BA	0x0E33      	MOVLW       51
0x08BC	0x6E05      	MOVWF       R5 
0x08BE	0x0E73      	MOVLW       115
0x08C0	0x6E06      	MOVWF       R6 
0x08C2	0x0E7D      	MOVLW       125
0x08C4	0x6E07      	MOVWF       R7 
0x08C6	0xDD7D      	RCALL       _Add_32x32_FP
0x08C8	0xF019C000  	MOVFF       R0, FARG_MXP4115_Read_valor
0x08CC	0xF01AC001  	MOVFF       R1, FARG_MXP4115_Read_valor+1
0x08D0	0xF01BC002  	MOVFF       R2, FARG_MXP4115_Read_valor+2
0x08D4	0xF01CC003  	MOVFF       R3, FARG_MXP4115_Read_valor+3
;conversor_ad.c,6 :: 		valor /= 0.045;
0x08D8	0x0EEC      	MOVLW       236
0x08DA	0x6E04      	MOVWF       R4 
0x08DC	0x0E51      	MOVLW       81
0x08DE	0x6E05      	MOVWF       R5 
0x08E0	0x0E38      	MOVLW       56
0x08E2	0x6E06      	MOVWF       R6 
0x08E4	0x0E7A      	MOVLW       122
0x08E6	0x6E07      	MOVWF       R7 
0x08E8	0xDCB2      	RCALL       _Div_32x32_FP
0x08EA	0xF019C000  	MOVFF       R0, FARG_MXP4115_Read_valor
0x08EE	0xF01AC001  	MOVFF       R1, FARG_MXP4115_Read_valor+1
0x08F2	0xF01BC002  	MOVFF       R2, FARG_MXP4115_Read_valor+2
0x08F6	0xF01CC003  	MOVFF       R3, FARG_MXP4115_Read_valor+3
;conversor_ad.c,7 :: 		return valor;
;conversor_ad.c,8 :: 		}
L_end_MXP4115_Read:
0x08FA	0x0012      	RETURN      0
; end of _MXP4115_Read
_Compare_Double:
;__Lib_MathDouble.c,2518 :: 		
;__Lib_MathDouble.c,2529 :: 		
0x08FC	0x6A0A      	CLRF        R10, 0
;__Lib_MathDouble.c,2530 :: 		
0x08FE	0x5003      	MOVF        R3, 0, 0
;__Lib_MathDouble.c,2531 :: 		
0x0900	0xA4D8      	BTFSS       STATUS, 2, 0
;__Lib_MathDouble.c,2532 :: 		
0x0902	0x800A      	BSF         R10, 0, 0
;__Lib_MathDouble.c,2533 :: 		
0x0904	0x5007      	MOVF        R7, 0, 0
;__Lib_MathDouble.c,2534 :: 		
0x0906	0xA4D8      	BTFSS       STATUS, 2, 0
;__Lib_MathDouble.c,2535 :: 		
0x0908	0x820A      	BSF         R10, 1, 0
;__Lib_MathDouble.c,2537 :: 		
0x090A	0x500A      	MOVF        R10, 0, 0
;__Lib_MathDouble.c,2538 :: 		
0x090C	0xB4D8      	BTFSC       STATUS, 2, 0
;__Lib_MathDouble.c,2539 :: 		
0x090E	0xF004EFE1  	GOTO        COMPARE_EQU
;__Lib_MathDouble.c,2540 :: 		
0x0912	0x0A03      	XORLW       3
;__Lib_MathDouble.c,2541 :: 		
0x0914	0xB4D8      	BTFSC       STATUS, 2, 0
;__Lib_MathDouble.c,2542 :: 		
0x0916	0xF004EF9A  	GOTO        COMPARE_NOTZERO
;__Lib_MathDouble.c,2544 :: 		
0x091A	0xB00A      	BTFSC       R10, 0, 0
;__Lib_MathDouble.c,2545 :: 		
0x091C	0xF004EF95  	GOTO        COMPARE_XNOTZERO
;__Lib_MathDouble.c,2547 :: 		
0x0920	0xAE06      	BTFSS       R6, 7, 0
;__Lib_MathDouble.c,2548 :: 		
0x0922	0xF004EFDF  	GOTO        COMPARE_LT
;__Lib_MathDouble.c,2549 :: 		
0x0926	0xF004EFDD  	GOTO        COMPARE_GT
;__Lib_MathDouble.c,2550 :: 		
COMPARE_XNOTZERO:
;__Lib_MathDouble.c,2551 :: 		
0x092A	0xAE02      	BTFSS       R2, 7, 0
;__Lib_MathDouble.c,2552 :: 		
0x092C	0xF004EFDD  	GOTO        COMPARE_GT
;__Lib_MathDouble.c,2553 :: 		
0x0930	0xF004EFDF  	GOTO        COMPARE_LT
;__Lib_MathDouble.c,2555 :: 		
COMPARE_NOTZERO:
;__Lib_MathDouble.c,2556 :: 		
0x0934	0x5002      	MOVF        R2, 0, 0
;__Lib_MathDouble.c,2557 :: 		
0x0936	0x0B80      	ANDLW       128
;__Lib_MathDouble.c,2558 :: 		
0x0938	0x6E0A      	MOVWF       R10, 0
;__Lib_MathDouble.c,2559 :: 		
0x093A	0x9E02      	BCF         R2, 7, 0
;__Lib_MathDouble.c,2561 :: 		
0x093C	0x5006      	MOVF        R6, 0, 0
;__Lib_MathDouble.c,2562 :: 		
0x093E	0x0B80      	ANDLW       128
;__Lib_MathDouble.c,2563 :: 		
0x0940	0x9E06      	BCF         R6, 7, 0
;__Lib_MathDouble.c,2565 :: 		
0x0942	0x180A      	XORWF       R10, 0, 0
;__Lib_MathDouble.c,2566 :: 		
0x0944	0xB4D8      	BTFSC       STATUS, 2, 0
;__Lib_MathDouble.c,2567 :: 		
0x0946	0xF004EFAB  	GOTO        COMPARE_TESTALL
;__Lib_MathDouble.c,2569 :: 		
0x094A	0x500A      	MOVF        R10, 0, 0
;__Lib_MathDouble.c,2570 :: 		
0x094C	0xB4D8      	BTFSC       STATUS, 2, 0
;__Lib_MathDouble.c,2571 :: 		
0x094E	0xF004EFDD  	GOTO        COMPARE_GT
;__Lib_MathDouble.c,2572 :: 		
0x0952	0xF004EFDF  	GOTO        COMPARE_LT
;__Lib_MathDouble.c,2574 :: 		
COMPARE_TESTALL:
;__Lib_MathDouble.c,2575 :: 		
0x0956	0x5007      	MOVF        R7, 0, 0
;__Lib_MathDouble.c,2576 :: 		
0x0958	0x5C03      	SUBWF       R3, 0, 0
;__Lib_MathDouble.c,2577 :: 		
0x095A	0xB4D8      	BTFSC       STATUS, 2, 0
;__Lib_MathDouble.c,2578 :: 		
0x095C	0xF004EFB5  	GOTO        COMPARE_C1
;__Lib_MathDouble.c,2579 :: 		
0x0960	0xA0D8      	BTFSS       STATUS, 0, 0
;__Lib_MathDouble.c,2580 :: 		
0x0962	0xF004EFD1  	GOTO        GT_FALSE
;__Lib_MathDouble.c,2581 :: 		
0x0966	0xF004EFD7  	GOTO        GT_TRUE
;__Lib_MathDouble.c,2582 :: 		
COMPARE_C1:
;__Lib_MathDouble.c,2583 :: 		
0x096A	0x5006      	MOVF        R6, 0, 0
;__Lib_MathDouble.c,2584 :: 		
0x096C	0x5C02      	SUBWF       R2, 0, 0
;__Lib_MathDouble.c,2585 :: 		
0x096E	0xB4D8      	BTFSC       STATUS, 2, 0
;__Lib_MathDouble.c,2586 :: 		
0x0970	0xF004EFBF  	GOTO        COMPARE_C2
;__Lib_MathDouble.c,2587 :: 		
0x0974	0xA0D8      	BTFSS       STATUS, 0, 0
;__Lib_MathDouble.c,2588 :: 		
0x0976	0xF004EFD1  	GOTO        GT_FALSE
;__Lib_MathDouble.c,2589 :: 		
0x097A	0xF004EFD7  	GOTO        GT_TRUE
;__Lib_MathDouble.c,2590 :: 		
COMPARE_C2:
;__Lib_MathDouble.c,2591 :: 		
0x097E	0x5005      	MOVF        R5, 0, 0
;__Lib_MathDouble.c,2592 :: 		
0x0980	0x5C01      	SUBWF       R1, 0, 0
;__Lib_MathDouble.c,2593 :: 		
0x0982	0xB4D8      	BTFSC       STATUS, 2, 0
;__Lib_MathDouble.c,2594 :: 		
0x0984	0xF004EFC9  	GOTO        COMPARE_C3
;__Lib_MathDouble.c,2595 :: 		
0x0988	0xA0D8      	BTFSS       STATUS, 0, 0
;__Lib_MathDouble.c,2596 :: 		
0x098A	0xF004EFD1  	GOTO        GT_FALSE
;__Lib_MathDouble.c,2597 :: 		
0x098E	0xF004EFD7  	GOTO        GT_TRUE
;__Lib_MathDouble.c,2598 :: 		
COMPARE_C3:
;__Lib_MathDouble.c,2599 :: 		
0x0992	0x5004      	MOVF        R4, 0, 0
;__Lib_MathDouble.c,2600 :: 		
0x0994	0x5C00      	SUBWF       R0, 0, 0
;__Lib_MathDouble.c,2601 :: 		
0x0996	0xB4D8      	BTFSC       STATUS, 2, 0
;__Lib_MathDouble.c,2602 :: 		
0x0998	0xF004EFE1  	GOTO        COMPARE_EQU
;__Lib_MathDouble.c,2603 :: 		
0x099C	0xB0D8      	BTFSC       STATUS, 0, 0
;__Lib_MathDouble.c,2604 :: 		
0x099E	0xF004EFD7  	GOTO        GT_TRUE
;__Lib_MathDouble.c,2606 :: 		
GT_FALSE:
;__Lib_MathDouble.c,2607 :: 		
0x09A2	0x520A      	MOVF        R10, 1, 0
;__Lib_MathDouble.c,2608 :: 		
0x09A4	0xB4D8      	BTFSC       STATUS, 2, 0
;__Lib_MathDouble.c,2609 :: 		
0x09A6	0xF004EFDF  	GOTO        COMPARE_LT
;__Lib_MathDouble.c,2610 :: 		
0x09AA	0xF004EFDD  	GOTO        COMPARE_GT
;__Lib_MathDouble.c,2611 :: 		
GT_TRUE:
;__Lib_MathDouble.c,2612 :: 		
0x09AE	0x520A      	MOVF        R10, 1, 0
;__Lib_MathDouble.c,2613 :: 		
0x09B0	0xB4D8      	BTFSC       STATUS, 2, 0
;__Lib_MathDouble.c,2614 :: 		
0x09B2	0xF004EFDD  	GOTO        COMPARE_GT
;__Lib_MathDouble.c,2615 :: 		
0x09B6	0xF004EFDF  	GOTO        COMPARE_LT
;__Lib_MathDouble.c,2617 :: 		
COMPARE_GT:
;__Lib_MathDouble.c,2620 :: 		
0x09BA	0x80D8      	BSF         STATUS, 0, 0
;__Lib_MathDouble.c,2621 :: 		
0x09BC	0x0012      	RETURN      0
;__Lib_MathDouble.c,2622 :: 		
COMPARE_LT:
;__Lib_MathDouble.c,2625 :: 		
0x09BE	0x90D8      	BCF         STATUS, 0, 0
;__Lib_MathDouble.c,2626 :: 		
0x09C0	0x0012      	RETURN      0
;__Lib_MathDouble.c,2627 :: 		
COMPARE_EQU:
;__Lib_MathDouble.c,2630 :: 		
0x09C2	0x80D8      	BSF         STATUS, 0, 0
;__Lib_MathDouble.c,2631 :: 		
0x09C4	0x84D8      	BSF         STATUS, 2, 0
;__Lib_MathDouble.c,2632 :: 		
0x09C6	0x0012      	RETURN      0
;__Lib_MathDouble.c,2634 :: 		
L_end_Compare_Double:
0x09C8	0x0012      	RETURN      0
; end of _Compare_Double
_int2double:
;__Lib_MathDouble.c,2285 :: 		
;__Lib_MathDouble.c,2294 :: 		
0x09CA	0xF008C000  	MOVFF       R0, R8
;__Lib_MathDouble.c,2295 :: 		
0x09CE	0x5001      	MOVF        R1, 0, 0
;__Lib_MathDouble.c,2296 :: 		
0x09D0	0x6E00      	MOVWF       R0, 0
;__Lib_MathDouble.c,2297 :: 		
0x09D2	0x6A01      	CLRF        R1, 0
;__Lib_MathDouble.c,2298 :: 		
0x09D4	0x6A02      	CLRF        R2, 0
;__Lib_MathDouble.c,2299 :: 		
0x09D6	0x6A03      	CLRF        R3, 0
;__Lib_MathDouble.c,2302 :: 		
0x09D8	0x6A0B      	CLRF        R11, 0
;__Lib_MathDouble.c,2303 :: 		
0x09DA	0x6A0C      	CLRF        R12, 0
;__Lib_MathDouble.c,2304 :: 		
0x09DC	0x6A01      	CLRF        R1, 0
;__Lib_MathDouble.c,2305 :: 		
0x09DE	0x6A02      	CLRF        R2, 0
;__Lib_MathDouble.c,2306 :: 		
0x09E0	0x6A03      	CLRF        R3, 0
;__Lib_MathDouble.c,2308 :: 		
0x09E2	0x0E96      	MOVLW       150
;__Lib_MathDouble.c,2309 :: 		
0x09E4	0x6E03      	MOVWF       R3, 0
;__Lib_MathDouble.c,2310 :: 		
0x09E6	0x6A0A      	CLRF        R10, 0
;__Lib_MathDouble.c,2311 :: 		
0x09E8	0xAE00      	BTFSS       R0, 7, 0
;__Lib_MathDouble.c,2312 :: 		
0x09EA	0xF004EFFD  	GOTO        FLO1632EEE
;__Lib_MathDouble.c,2314 :: 		
0x09EE	0x1E08      	COMF        R8, 1, 0
;__Lib_MathDouble.c,2315 :: 		
0x09F0	0x1E00      	COMF        R0, 1, 0
;__Lib_MathDouble.c,2317 :: 		
0x09F2	0x2A08      	INCF        R8, 1, 0
;__Lib_MathDouble.c,2318 :: 		
0x09F4	0xB4D8      	BTFSC       STATUS, 2, 0
;__Lib_MathDouble.c,2319 :: 		
0x09F6	0x2A00      	INCF        R0, 1, 0
;__Lib_MathDouble.c,2321 :: 		
0x09F8	0x8E0A      	BSF         R10, 7, 0
;__Lib_MathDouble.c,2322 :: 		
FLO1632EEE:
;__Lib_MathDouble.c,2323 :: 		
0x09FA	0xF001C000  	MOVFF       R0, R1
;__Lib_MathDouble.c,2324 :: 		
0x09FE	0xF000C008  	MOVFF       R8, R0
;__Lib_MathDouble.c,2325 :: 		
0x0A02	0x6A08      	CLRF        R8, 0
;__Lib_MathDouble.c,2326 :: 		
0x0A04	0x6A02      	CLRF        R2, 0
;__Lib_MathDouble.c,2328 :: 		
0x0A06	0xDEED      	RCALL       _NRM3232
;__Lib_MathDouble.c,2329 :: 		
L_end_int2double:
0x0A08	0x0012      	RETURN      0
; end of _int2double
_main:
0x0A0A	0x6A15      	CLRF        _analog_reading 
0x0A0C	0x6A16      	CLRF        22 
0x0A0E	0x6A17      	CLRF        23 
0x0A10	0x6A18      	CLRF        24 
;conversor_ad.c,24 :: 		void main() {
;conversor_ad.c,25 :: 		Init_AD();
0x0A12	0xDF27      	RCALL       _Init_AD
;conversor_ad.c,26 :: 		Config_Ports();
0x0A14	0xDF21      	RCALL       _Config_Ports
;conversor_ad.c,28 :: 		while (1) {
L_main0:
;conversor_ad.c,30 :: 		ADCON0.GO = 1; //do A/D measurement
0x0A16	0x82C2      	BSF         ADCON0, 1 
;conversor_ad.c,31 :: 		while (ADCON0.GO == 1); /* Wait for End of conversion i.e. Go/done'=0 conversion completed */
L_main2:
0x0A18	0xA2C2      	BTFSS       ADCON0, 1 
0x0A1A	0xD001      	BRA         L_main3
0x0A1C	0xD7FD      	BRA         L_main2
L_main3:
;conversor_ad.c,32 :: 		analog_reading = MXP4115_Read((ADRESH * 256) | (ADRESL)); /*Combine 8-bit LSB and 2-bit MSB*/
0x0A1E	0xF001CFC4  	MOVFF       ADRESH, R1
0x0A22	0x6A00      	CLRF        R0 
0x0A24	0x50C3      	MOVF        ADRESL, 0 
0x0A26	0x1200      	IORWF       R0, 1 
0x0A28	0x0E00      	MOVLW       0
0x0A2A	0x1201      	IORWF       R1, 1 
0x0A2C	0xDFCE      	RCALL       _int2double
0x0A2E	0xF019C000  	MOVFF       R0, FARG_MXP4115_Read_valor
0x0A32	0xF01AC001  	MOVFF       R1, FARG_MXP4115_Read_valor+1
0x0A36	0xF01BC002  	MOVFF       R2, FARG_MXP4115_Read_valor+2
0x0A3A	0xF01CC003  	MOVFF       R3, FARG_MXP4115_Read_valor+3
0x0A3E	0xDF22      	RCALL       _MXP4115_Read
0x0A40	0xF015C000  	MOVFF       R0, _analog_reading
0x0A44	0xF016C001  	MOVFF       R1, _analog_reading+1
0x0A48	0xF017C002  	MOVFF       R2, _analog_reading+2
0x0A4C	0xF018C003  	MOVFF       R3, _analog_reading+3
;conversor_ad.c,34 :: 		if (analog_reading > 0 && analog_reading < 5) {
0x0A50	0xF004C000  	MOVFF       R0, R4
0x0A54	0xF005C001  	MOVFF       R1, R5
0x0A58	0xF006C002  	MOVFF       R2, R6
0x0A5C	0xF007C003  	MOVFF       R3, R7
0x0A60	0x6A00      	CLRF        R0 
0x0A62	0x6A01      	CLRF        R1 
0x0A64	0x6A02      	CLRF        R2 
0x0A66	0x6A03      	CLRF        R3 
0x0A68	0xDF49      	RCALL       _Compare_Double
0x0A6A	0x0E01      	MOVLW       1
0x0A6C	0xB0D8      	BTFSC       STATUS, 0 
0x0A6E	0x0E00      	MOVLW       0
0x0A70	0x6E00      	MOVWF       R0 
0x0A72	0x5200      	MOVF        R0, 1 
0x0A74	0xE01A      	BZ          L_main6
0x0A76	0x0E00      	MOVLW       0
0x0A78	0x6E04      	MOVWF       R4 
0x0A7A	0x0E00      	MOVLW       0
0x0A7C	0x6E05      	MOVWF       R5 
0x0A7E	0x0E20      	MOVLW       32
0x0A80	0x6E06      	MOVWF       R6 
0x0A82	0x0E81      	MOVLW       129
0x0A84	0x6E07      	MOVWF       R7 
0x0A86	0xF000C015  	MOVFF       _analog_reading, R0
0x0A8A	0xF001C016  	MOVFF       _analog_reading+1, R1
0x0A8E	0xF002C017  	MOVFF       _analog_reading+2, R2
0x0A92	0xF003C018  	MOVFF       _analog_reading+3, R3
0x0A96	0xDF32      	RCALL       _Compare_Double
0x0A98	0x0E01      	MOVLW       1
0x0A9A	0xB0D8      	BTFSC       STATUS, 0 
0x0A9C	0x0E00      	MOVLW       0
0x0A9E	0x6E00      	MOVWF       R0 
0x0AA0	0x5200      	MOVF        R0, 1 
0x0AA2	0xE003      	BZ          L_main6
L__main39:
;conversor_ad.c,35 :: 		LATB = 0x80;
0x0AA4	0x0E80      	MOVLW       128
0x0AA6	0x6E8A      	MOVWF       LATB 
;conversor_ad.c,36 :: 		} else if (analog_reading >= 5 && analog_reading < 10) {
0x0AA8	0xD13F      	BRA         L_main7
L_main6:
0x0AAA	0x0E00      	MOVLW       0
0x0AAC	0x6E04      	MOVWF       R4 
0x0AAE	0x0E00      	MOVLW       0
0x0AB0	0x6E05      	MOVWF       R5 
0x0AB2	0x0E20      	MOVLW       32
0x0AB4	0x6E06      	MOVWF       R6 
0x0AB6	0x0E81      	MOVLW       129
0x0AB8	0x6E07      	MOVWF       R7 
0x0ABA	0xF000C015  	MOVFF       _analog_reading, R0
0x0ABE	0xF001C016  	MOVFF       _analog_reading+1, R1
0x0AC2	0xF002C017  	MOVFF       _analog_reading+2, R2
0x0AC6	0xF003C018  	MOVFF       _analog_reading+3, R3
0x0ACA	0xDF18      	RCALL       _Compare_Double
0x0ACC	0x0E00      	MOVLW       0
0x0ACE	0xB0D8      	BTFSC       STATUS, 0 
0x0AD0	0x0E01      	MOVLW       1
0x0AD2	0x6E00      	MOVWF       R0 
0x0AD4	0x5200      	MOVF        R0, 1 
0x0AD6	0xE01A      	BZ          L_main10
0x0AD8	0x0E00      	MOVLW       0
0x0ADA	0x6E04      	MOVWF       R4 
0x0ADC	0x0E00      	MOVLW       0
0x0ADE	0x6E05      	MOVWF       R5 
0x0AE0	0x0E20      	MOVLW       32
0x0AE2	0x6E06      	MOVWF       R6 
0x0AE4	0x0E82      	MOVLW       130
0x0AE6	0x6E07      	MOVWF       R7 
0x0AE8	0xF000C015  	MOVFF       _analog_reading, R0
0x0AEC	0xF001C016  	MOVFF       _analog_reading+1, R1
0x0AF0	0xF002C017  	MOVFF       _analog_reading+2, R2
0x0AF4	0xF003C018  	MOVFF       _analog_reading+3, R3
0x0AF8	0xDF01      	RCALL       _Compare_Double
0x0AFA	0x0E01      	MOVLW       1
0x0AFC	0xB0D8      	BTFSC       STATUS, 0 
0x0AFE	0x0E00      	MOVLW       0
0x0B00	0x6E00      	MOVWF       R0 
0x0B02	0x5200      	MOVF        R0, 1 
0x0B04	0xE003      	BZ          L_main10
L__main38:
;conversor_ad.c,37 :: 		LATB = 0xC0;
0x0B06	0x0EC0      	MOVLW       192
0x0B08	0x6E8A      	MOVWF       LATB 
;conversor_ad.c,38 :: 		} else if (analog_reading >= 15 && analog_reading < 20) {
0x0B0A	0xD10E      	BRA         L_main11
L_main10:
0x0B0C	0x0E00      	MOVLW       0
0x0B0E	0x6E04      	MOVWF       R4 
0x0B10	0x0E00      	MOVLW       0
0x0B12	0x6E05      	MOVWF       R5 
0x0B14	0x0E70      	MOVLW       112
0x0B16	0x6E06      	MOVWF       R6 
0x0B18	0x0E82      	MOVLW       130
0x0B1A	0x6E07      	MOVWF       R7 
0x0B1C	0xF000C015  	MOVFF       _analog_reading, R0
0x0B20	0xF001C016  	MOVFF       _analog_reading+1, R1
0x0B24	0xF002C017  	MOVFF       _analog_reading+2, R2
0x0B28	0xF003C018  	MOVFF       _analog_reading+3, R3
0x0B2C	0xDEE7      	RCALL       _Compare_Double
0x0B2E	0x0E00      	MOVLW       0
0x0B30	0xB0D8      	BTFSC       STATUS, 0 
0x0B32	0x0E01      	MOVLW       1
0x0B34	0x6E00      	MOVWF       R0 
0x0B36	0x5200      	MOVF        R0, 1 
0x0B38	0xE01A      	BZ          L_main14
0x0B3A	0x0E00      	MOVLW       0
0x0B3C	0x6E04      	MOVWF       R4 
0x0B3E	0x0E00      	MOVLW       0
0x0B40	0x6E05      	MOVWF       R5 
0x0B42	0x0E20      	MOVLW       32
0x0B44	0x6E06      	MOVWF       R6 
0x0B46	0x0E83      	MOVLW       131
0x0B48	0x6E07      	MOVWF       R7 
0x0B4A	0xF000C015  	MOVFF       _analog_reading, R0
0x0B4E	0xF001C016  	MOVFF       _analog_reading+1, R1
0x0B52	0xF002C017  	MOVFF       _analog_reading+2, R2
0x0B56	0xF003C018  	MOVFF       _analog_reading+3, R3
0x0B5A	0xDED0      	RCALL       _Compare_Double
0x0B5C	0x0E01      	MOVLW       1
0x0B5E	0xB0D8      	BTFSC       STATUS, 0 
0x0B60	0x0E00      	MOVLW       0
0x0B62	0x6E00      	MOVWF       R0 
0x0B64	0x5200      	MOVF        R0, 1 
0x0B66	0xE003      	BZ          L_main14
L__main37:
;conversor_ad.c,39 :: 		LATB = 0xE0;
0x0B68	0x0EE0      	MOVLW       224
0x0B6A	0x6E8A      	MOVWF       LATB 
;conversor_ad.c,40 :: 		} else if (analog_reading >= 25 && analog_reading < 30) {
0x0B6C	0xD0DD      	BRA         L_main15
L_main14:
0x0B6E	0x0E00      	MOVLW       0
0x0B70	0x6E04      	MOVWF       R4 
0x0B72	0x0E00      	MOVLW       0
0x0B74	0x6E05      	MOVWF       R5 
0x0B76	0x0E48      	MOVLW       72
0x0B78	0x6E06      	MOVWF       R6 
0x0B7A	0x0E83      	MOVLW       131
0x0B7C	0x6E07      	MOVWF       R7 
0x0B7E	0xF000C015  	MOVFF       _analog_reading, R0
0x0B82	0xF001C016  	MOVFF       _analog_reading+1, R1
0x0B86	0xF002C017  	MOVFF       _analog_reading+2, R2
0x0B8A	0xF003C018  	MOVFF       _analog_reading+3, R3
0x0B8E	0xDEB6      	RCALL       _Compare_Double
0x0B90	0x0E00      	MOVLW       0
0x0B92	0xB0D8      	BTFSC       STATUS, 0 
0x0B94	0x0E01      	MOVLW       1
0x0B96	0x6E00      	MOVWF       R0 
0x0B98	0x5200      	MOVF        R0, 1 
0x0B9A	0xE01A      	BZ          L_main18
0x0B9C	0x0E00      	MOVLW       0
0x0B9E	0x6E04      	MOVWF       R4 
0x0BA0	0x0E00      	MOVLW       0
0x0BA2	0x6E05      	MOVWF       R5 
0x0BA4	0x0E70      	MOVLW       112
0x0BA6	0x6E06      	MOVWF       R6 
0x0BA8	0x0E83      	MOVLW       131
0x0BAA	0x6E07      	MOVWF       R7 
0x0BAC	0xF000C015  	MOVFF       _analog_reading, R0
0x0BB0	0xF001C016  	MOVFF       _analog_reading+1, R1
0x0BB4	0xF002C017  	MOVFF       _analog_reading+2, R2
0x0BB8	0xF003C018  	MOVFF       _analog_reading+3, R3
0x0BBC	0xDE9F      	RCALL       _Compare_Double
0x0BBE	0x0E01      	MOVLW       1
0x0BC0	0xB0D8      	BTFSC       STATUS, 0 
0x0BC2	0x0E00      	MOVLW       0
0x0BC4	0x6E00      	MOVWF       R0 
0x0BC6	0x5200      	MOVF        R0, 1 
0x0BC8	0xE003      	BZ          L_main18
L__main36:
;conversor_ad.c,41 :: 		LATB = 0xF0;
0x0BCA	0x0EF0      	MOVLW       240
0x0BCC	0x6E8A      	MOVWF       LATB 
;conversor_ad.c,42 :: 		} else if (analog_reading >= 35 && analog_reading < 40) {
0x0BCE	0xD0AC      	BRA         L_main19
L_main18:
0x0BD0	0x0E00      	MOVLW       0
0x0BD2	0x6E04      	MOVWF       R4 
0x0BD4	0x0E00      	MOVLW       0
0x0BD6	0x6E05      	MOVWF       R5 
0x0BD8	0x0E0C      	MOVLW       12
0x0BDA	0x6E06      	MOVWF       R6 
0x0BDC	0x0E84      	MOVLW       132
0x0BDE	0x6E07      	MOVWF       R7 
0x0BE0	0xF000C015  	MOVFF       _analog_reading, R0
0x0BE4	0xF001C016  	MOVFF       _analog_reading+1, R1
0x0BE8	0xF002C017  	MOVFF       _analog_reading+2, R2
0x0BEC	0xF003C018  	MOVFF       _analog_reading+3, R3
0x0BF0	0xDE85      	RCALL       _Compare_Double
0x0BF2	0x0E00      	MOVLW       0
0x0BF4	0xB0D8      	BTFSC       STATUS, 0 
0x0BF6	0x0E01      	MOVLW       1
0x0BF8	0x6E00      	MOVWF       R0 
0x0BFA	0x5200      	MOVF        R0, 1 
0x0BFC	0xE01A      	BZ          L_main22
0x0BFE	0x0E00      	MOVLW       0
0x0C00	0x6E04      	MOVWF       R4 
0x0C02	0x0E00      	MOVLW       0
0x0C04	0x6E05      	MOVWF       R5 
0x0C06	0x0E20      	MOVLW       32
0x0C08	0x6E06      	MOVWF       R6 
0x0C0A	0x0E84      	MOVLW       132
0x0C0C	0x6E07      	MOVWF       R7 
0x0C0E	0xF000C015  	MOVFF       _analog_reading, R0
0x0C12	0xF001C016  	MOVFF       _analog_reading+1, R1
0x0C16	0xF002C017  	MOVFF       _analog_reading+2, R2
0x0C1A	0xF003C018  	MOVFF       _analog_reading+3, R3
0x0C1E	0xDE6E      	RCALL       _Compare_Double
0x0C20	0x0E01      	MOVLW       1
0x0C22	0xB0D8      	BTFSC       STATUS, 0 
0x0C24	0x0E00      	MOVLW       0
0x0C26	0x6E00      	MOVWF       R0 
0x0C28	0x5200      	MOVF        R0, 1 
0x0C2A	0xE003      	BZ          L_main22
L__main35:
;conversor_ad.c,43 :: 		LATB = 0xF8;
0x0C2C	0x0EF8      	MOVLW       248
0x0C2E	0x6E8A      	MOVWF       LATB 
;conversor_ad.c,44 :: 		} else if (analog_reading >= 45 && analog_reading < 50) {
0x0C30	0xD07B      	BRA         L_main23
L_main22:
0x0C32	0x0E00      	MOVLW       0
0x0C34	0x6E04      	MOVWF       R4 
0x0C36	0x0E00      	MOVLW       0
0x0C38	0x6E05      	MOVWF       R5 
0x0C3A	0x0E34      	MOVLW       52
0x0C3C	0x6E06      	MOVWF       R6 
0x0C3E	0x0E84      	MOVLW       132
0x0C40	0x6E07      	MOVWF       R7 
0x0C42	0xF000C015  	MOVFF       _analog_reading, R0
0x0C46	0xF001C016  	MOVFF       _analog_reading+1, R1
0x0C4A	0xF002C017  	MOVFF       _analog_reading+2, R2
0x0C4E	0xF003C018  	MOVFF       _analog_reading+3, R3
0x0C52	0xDE54      	RCALL       _Compare_Double
0x0C54	0x0E00      	MOVLW       0
0x0C56	0xB0D8      	BTFSC       STATUS, 0 
0x0C58	0x0E01      	MOVLW       1
0x0C5A	0x6E00      	MOVWF       R0 
0x0C5C	0x5200      	MOVF        R0, 1 
0x0C5E	0xE01A      	BZ          L_main26
0x0C60	0x0E00      	MOVLW       0
0x0C62	0x6E04      	MOVWF       R4 
0x0C64	0x0E00      	MOVLW       0
0x0C66	0x6E05      	MOVWF       R5 
0x0C68	0x0E48      	MOVLW       72
0x0C6A	0x6E06      	MOVWF       R6 
0x0C6C	0x0E84      	MOVLW       132
0x0C6E	0x6E07      	MOVWF       R7 
0x0C70	0xF000C015  	MOVFF       _analog_reading, R0
0x0C74	0xF001C016  	MOVFF       _analog_reading+1, R1
0x0C78	0xF002C017  	MOVFF       _analog_reading+2, R2
0x0C7C	0xF003C018  	MOVFF       _analog_reading+3, R3
0x0C80	0xDE3D      	RCALL       _Compare_Double
0x0C82	0x0E01      	MOVLW       1
0x0C84	0xB0D8      	BTFSC       STATUS, 0 
0x0C86	0x0E00      	MOVLW       0
0x0C88	0x6E00      	MOVWF       R0 
0x0C8A	0x5200      	MOVF        R0, 1 
0x0C8C	0xE003      	BZ          L_main26
L__main34:
;conversor_ad.c,45 :: 		LATB = 0xFC;
0x0C8E	0x0EFC      	MOVLW       252
0x0C90	0x6E8A      	MOVWF       LATB 
;conversor_ad.c,46 :: 		} else if (analog_reading >= 55 && analog_reading < 60) {
0x0C92	0xD04A      	BRA         L_main27
L_main26:
0x0C94	0x0E00      	MOVLW       0
0x0C96	0x6E04      	MOVWF       R4 
0x0C98	0x0E00      	MOVLW       0
0x0C9A	0x6E05      	MOVWF       R5 
0x0C9C	0x0E5C      	MOVLW       92
0x0C9E	0x6E06      	MOVWF       R6 
0x0CA0	0x0E84      	MOVLW       132
0x0CA2	0x6E07      	MOVWF       R7 
0x0CA4	0xF000C015  	MOVFF       _analog_reading, R0
0x0CA8	0xF001C016  	MOVFF       _analog_reading+1, R1
0x0CAC	0xF002C017  	MOVFF       _analog_reading+2, R2
0x0CB0	0xF003C018  	MOVFF       _analog_reading+3, R3
0x0CB4	0xDE23      	RCALL       _Compare_Double
0x0CB6	0x0E00      	MOVLW       0
0x0CB8	0xB0D8      	BTFSC       STATUS, 0 
0x0CBA	0x0E01      	MOVLW       1
0x0CBC	0x6E00      	MOVWF       R0 
0x0CBE	0x5200      	MOVF        R0, 1 
0x0CC0	0xE01A      	BZ          L_main30
0x0CC2	0x0E00      	MOVLW       0
0x0CC4	0x6E04      	MOVWF       R4 
0x0CC6	0x0E00      	MOVLW       0
0x0CC8	0x6E05      	MOVWF       R5 
0x0CCA	0x0E70      	MOVLW       112
0x0CCC	0x6E06      	MOVWF       R6 
0x0CCE	0x0E84      	MOVLW       132
0x0CD0	0x6E07      	MOVWF       R7 
0x0CD2	0xF000C015  	MOVFF       _analog_reading, R0
0x0CD6	0xF001C016  	MOVFF       _analog_reading+1, R1
0x0CDA	0xF002C017  	MOVFF       _analog_reading+2, R2
0x0CDE	0xF003C018  	MOVFF       _analog_reading+3, R3
0x0CE2	0xDE0C      	RCALL       _Compare_Double
0x0CE4	0x0E01      	MOVLW       1
0x0CE6	0xB0D8      	BTFSC       STATUS, 0 
0x0CE8	0x0E00      	MOVLW       0
0x0CEA	0x6E00      	MOVWF       R0 
0x0CEC	0x5200      	MOVF        R0, 1 
0x0CEE	0xE003      	BZ          L_main30
L__main33:
;conversor_ad.c,47 :: 		LATB = 0xFE;
0x0CF0	0x0EFE      	MOVLW       254
0x0CF2	0x6E8A      	MOVWF       LATB 
;conversor_ad.c,48 :: 		} else if (analog_reading >= 65) {
0x0CF4	0xD019      	BRA         L_main31
L_main30:
0x0CF6	0x0E00      	MOVLW       0
0x0CF8	0x6E04      	MOVWF       R4 
0x0CFA	0x0E00      	MOVLW       0
0x0CFC	0x6E05      	MOVWF       R5 
0x0CFE	0x0E02      	MOVLW       2
0x0D00	0x6E06      	MOVWF       R6 
0x0D02	0x0E85      	MOVLW       133
0x0D04	0x6E07      	MOVWF       R7 
0x0D06	0xF000C015  	MOVFF       _analog_reading, R0
0x0D0A	0xF001C016  	MOVFF       _analog_reading+1, R1
0x0D0E	0xF002C017  	MOVFF       _analog_reading+2, R2
0x0D12	0xF003C018  	MOVFF       _analog_reading+3, R3
0x0D16	0xDDF2      	RCALL       _Compare_Double
0x0D18	0x0E00      	MOVLW       0
0x0D1A	0xB0D8      	BTFSC       STATUS, 0 
0x0D1C	0x0E01      	MOVLW       1
0x0D1E	0x6E00      	MOVWF       R0 
0x0D20	0x5200      	MOVF        R0, 1 
0x0D22	0xE002      	BZ          L_main32
;conversor_ad.c,49 :: 		LATB = 0xFF;
0x0D24	0x0EFF      	MOVLW       255
0x0D26	0x6E8A      	MOVWF       LATB 
;conversor_ad.c,50 :: 		}
L_main32:
L_main31:
L_main27:
L_main23:
L_main19:
L_main15:
L_main11:
L_main7:
;conversor_ad.c,52 :: 		}
0x0D28	0xD676      	BRA         L_main0
;conversor_ad.c,53 :: 		}
L_end_main:
0x0D2A	0xD7FF      	BRA         $+0
; end of _main
Symbol List:
//** Routines locations **
//ADDRESS    SIZE    PROCEDURE
//----------------------------------------------
0x001C       [8]    _FIXSIGN32
0x0024      [26]    _SETFUN32
0x003E      [24]    _SETFOV32
0x0056      [14]    _RES032
0x0064       [8]    _SETFDZ32
0x006C     [482]    _NRM4032
0x024E     [372]    _Div_32x32_FP
0x03C2    [1056]    _Add_32x32_FP
0x07E2     [118]    _NRM3232
0x0858      [10]    _Config_Ports
0x0862      [18]    _Init_AD
0x0874      [16]    ___CC2DW
0x0884     [120]    _MXP4115_Read
0x08FC     [206]    _Compare_Double
0x09CA      [64]    _int2double
0x0A0A     [802]    _main
//** Variables locations ** 
//ADDRESS    SIZE    VARIABLE
//----------------------------------------------
0x0000       [1]    R0
0x0001       [1]    R1
0x0002       [1]    R2
0x0003       [1]    R3
0x0004       [1]    R4
0x0005       [1]    R5
0x0006       [1]    R6
0x0007       [1]    R7
0x0008       [1]    R8
0x0009       [1]    R9
0x000A       [1]    R10
0x000B       [1]    R11
0x000C       [1]    R12
0x000D       [1]    R13
0x000E       [1]    R14
0x000F       [1]    R15
0x0010       [1]    R16
0x0011       [1]    R17
0x0012       [1]    R18
0x0013       [1]    R19
0x0014       [1]    R20
0x0015       [4]    _analog_reading
0x0019       [4]    FARG_MXP4115_Read_valor
0x0F81       [1]    PORTB
0x0F8A       [1]    LATB
0x0F92       [1]    TRISA
0x0F93       [1]    TRISB
0x0FC0       [1]    ADCON2
0x0FC1       [1]    ADCON1
0x0FC2       [1]    ADCON0
0x0FC3       [1]    ADRESL
0x0FC4       [1]    ADRESH
0x0FD8       [1]    STATUS
0x0FD9       [1]    FSR2L
0x0FDA       [1]    FSR2H
0x0FDE       [1]    POSTINC2
0x0FE0       [1]    BSR
0x0FE1       [1]    FSR1L
0x0FE2       [1]    FSR1H
0x0FE4       [1]    PREINC1
0x0FE6       [1]    POSTINC1
0x0FE7       [1]    INDF1
0x0FE8       [1]    WREG
0x0FE9       [1]    FSR0L
0x0FEA       [1]    FSR0H
0x0FEE       [1]    POSTINC0
0x0FF3       [1]    PRODL
0x0FF4       [1]    PRODH
0x0FF5       [1]    TABLAT
0x0FF6       [1]    TBLPTRL
0x0FF7       [1]    TBLPTRH
0x0FF8       [1]    TBLPTRU
